[    0.000000] Initializing cgroup subsys cpuset
[    0.000000] Initializing cgroup subsys cpu
[    0.000000] Initializing cgroup subsys cpuacct
[    0.000000] Linux version 4.4.0-210-generic (buildd@lgw01-amd64-009) (gcc version 5.4.0 20160609 (Ubuntu 5.4.0-6ubuntu1~16.04.12) ) #242-Ubuntu SMP Fri Apr 16 09:57:56 UTC 2021 (Ubuntu 4.4.0-210.242-generic 4.4.262)
[    0.000000] Command line: BOOT_IMAGE=/boot/vmlinuz-4.4.0-210-generic root=LABEL=cloudimg-rootfs ro console=tty1 console=ttyS0
[    0.000000] KERNEL supported cpus:
[    0.000000]   Intel GenuineIntel
[    0.000000]   AMD AuthenticAMD
[    0.000000]   Centaur CentaurHauls
[    0.000000] x86/fpu: xstate_offset[2]:  576, xstate_sizes[2]:  256
[    0.000000] x86/fpu: Supporting XSAVE feature 0x01: 'x87 floating point registers'
[    0.000000] x86/fpu: Supporting XSAVE feature 0x02: 'SSE registers'
[    0.000000] x86/fpu: Supporting XSAVE feature 0x04: 'AVX registers'
[    0.000000] x86/fpu: Enabled xstate features 0x7, context size is 832 bytes, using 'standard' format.
[    0.000000] e820: BIOS-provided physical RAM map:
[    0.000000] BIOS-e820: [mem 0x0000000000000000-0x000000000009fbff] usable
[    0.000000] BIOS-e820: [mem 0x000000000009fc00-0x000000000009ffff] reserved
[    0.000000] BIOS-e820: [mem 0x00000000000f0000-0x00000000000fffff] reserved
[    0.000000] BIOS-e820: [mem 0x0000000000100000-0x000000003ffeffff] usable
[    0.000000] BIOS-e820: [mem 0x000000003fff0000-0x000000003fffffff] ACPI data
[    0.000000] BIOS-e820: [mem 0x00000000fec00000-0x00000000fec00fff] reserved
[    0.000000] BIOS-e820: [mem 0x00000000fee00000-0x00000000fee00fff] reserved
[    0.000000] BIOS-e820: [mem 0x00000000fffc0000-0x00000000ffffffff] reserved
[    0.000000] NX (Execute Disable) protection: active
[    0.000000] SMBIOS 2.5 present.
[    0.000000] Hypervisor detected: KVM
[    0.000000] Kernel/User page tables isolation: disabled
[    0.000000] e820: last_pfn = 0x3fff0 max_arch_pfn = 0x400000000
[    0.000000] MTRR: Disabled
[    0.000000] x86/PAT: MTRRs disabled, skipping PAT initialization too.
[    0.000000] CPU MTRRs all blank - virtualized system.
[    0.000000] x86/PAT: Configuration [0-7]: WB  WT  UC- UC  WB  WT  UC- UC  
[    0.000000] found SMP MP-table at [mem 0x0009fff0-0x0009ffff] mapped at [ffff88000009fff0]
[    0.000000] Scanning 1 areas for low memory corruption
[    0.000000] RAMDISK: [mem 0x362dc000-0x37165fff]
[    0.000000] ACPI: Early table checksum verification disabled
[    0.000000] ACPI: RSDP 0x00000000000E0000 000024 (v02 VBOX  )
[    0.000000] ACPI: XSDT 0x000000003FFF0030 00003C (v01 VBOX   VBOXXSDT 00000001 ASL  00000061)
[    0.000000] ACPI: FACP 0x000000003FFF00F0 0000F4 (v04 VBOX   VBOXFACP 00000001 ASL  00000061)
[    0.000000] ACPI: DSDT 0x000000003FFF0470 002325 (v02 VBOX   VBOXBIOS 00000002 INTL 20100528)
[    0.000000] ACPI: FACS 0x000000003FFF0200 000040
[    0.000000] ACPI: FACS 0x000000003FFF0200 000040
[    0.000000] ACPI: APIC 0x000000003FFF0240 00005C (v02 VBOX   VBOXAPIC 00000001 ASL  00000061)
[    0.000000] ACPI: SSDT 0x000000003FFF02A0 0001CC (v01 VBOX   VBOXCPUT 00000002 INTL 20100528)
[    0.000000] No NUMA configuration found
[    0.000000] Faking a node at [mem 0x0000000000000000-0x000000003ffeffff]
[    0.000000] NODE_DATA(0) allocated [mem 0x3ffeb000-0x3ffeffff]
[    0.000000] kvm-clock: Using msrs 4b564d01 and 4b564d00
[    0.000000] kvm-clock: cpu 0, msr 0:3ffe3001, primary cpu clock
[    0.000000] kvm-clock: using sched offset of 4705700372 cycles
[    0.000000] clocksource: kvm-clock: mask: 0xffffffffffffffff max_cycles: 0x1cd42e4dffb, max_idle_ns: 881590591483 ns
[    0.000000] Zone ranges:
[    0.000000]   DMA      [mem 0x0000000000001000-0x0000000000ffffff]
[    0.000000]   DMA32    [mem 0x0000000001000000-0x000000003ffeffff]
[    0.000000]   Normal   empty
[    0.000000]   Device   empty
[    0.000000] Movable zone start for each node
[    0.000000] Early memory node ranges
[    0.000000]   node   0: [mem 0x0000000000001000-0x000000000009efff]
[    0.000000]   node   0: [mem 0x0000000000100000-0x000000003ffeffff]
[    0.000000] Initmem setup node 0 [mem 0x0000000000001000-0x000000003ffeffff]
[    0.000000] ACPI: PM-Timer IO Port: 0x4008
[    0.000000] IOAPIC[0]: apic_id 2, version 32, address 0xfec00000, GSI 0-23
[    0.000000] ACPI: INT_SRC_OVR (bus 0 bus_irq 0 global_irq 2 dfl dfl)
[    0.000000] ACPI: INT_SRC_OVR (bus 0 bus_irq 9 global_irq 9 low level)
[    0.000000] Using ACPI (MADT) for SMP configuration information
[    0.000000] smpboot: Allowing 2 CPUs, 0 hotplug CPUs
[    0.000000] PM: Registered nosave memory: [mem 0x00000000-0x00000fff]
[    0.000000] PM: Registered nosave memory: [mem 0x0009f000-0x0009ffff]
[    0.000000] PM: Registered nosave memory: [mem 0x000a0000-0x000effff]
[    0.000000] PM: Registered nosave memory: [mem 0x000f0000-0x000fffff]
[    0.000000] e820: [mem 0x40000000-0xfebfffff] available for PCI devices
[    0.000000] Booting paravirtualized kernel on KVM
[    0.000000] clocksource: refined-jiffies: mask: 0xffffffff max_cycles: 0xffffffff, max_idle_ns: 7645519600211568 ns
[    0.000000] setup_percpu: NR_CPUS:512 nr_cpumask_bits:512 nr_cpu_ids:2 nr_node_ids:1
[    0.000000] PERCPU: Embedded 33 pages/cpu @ffff88003fc00000 s95192 r8192 d31784 u1048576
[    0.000000] Built 1 zonelists in Node order, mobility grouping on.  Total pages: 257912
[    0.000000] Policy zone: DMA32
[    0.000000] Kernel command line: BOOT_IMAGE=/boot/vmlinuz-4.4.0-210-generic root=LABEL=cloudimg-rootfs ro console=tty1 console=ttyS0
[    0.000000] PID hash table entries: 4096 (order: 3, 32768 bytes)
[    0.000000] Memory: 997792K/1048120K available (8644K kernel code, 1332K rwdata, 4044K rodata, 1492K init, 1164K bss, 50328K reserved, 0K cma-reserved)
[    0.000000] SLUB: HWalign=64, Order=0-3, MinObjects=0, CPUs=2, Nodes=1
[    0.000000] Hierarchical RCU implementation.
[    0.000000] 	Build-time adjustment of leaf fanout to 64.
[    0.000000] 	RCU restricting CPUs from NR_CPUS=512 to nr_cpu_ids=2.
[    0.000000] RCU: Adjusting geometry for rcu_fanout_leaf=64, nr_cpu_ids=2
[    0.000000] NR_IRQS:33024 nr_irqs:440 16
[    0.000000] Console: colour VGA+ 80x25
[    0.000000] console [tty1] enabled
[    0.000000] console [ttyS0] enabled
[    0.000000] tsc: Detected 2419.204 MHz processor
[    0.350596] Calibrating delay loop (skipped) preset value.. 4838.40 BogoMIPS (lpj=9676816)
[    0.352937] pid_max: default: 32768 minimum: 301
[    0.354968] ACPI: Core revision 20150930
[    0.358395] ACPI: 2 ACPI AML tables successfully acquired and loaded
[    0.362880] Security Framework initialized
[    0.366341] Yama: becoming mindful.
[    0.368372] AppArmor: AppArmor initialized
[    0.369642] Dentry cache hash table entries: 131072 (order: 8, 1048576 bytes)
[    0.371579] Inode-cache hash table entries: 65536 (order: 7, 524288 bytes)
[    0.384590] Mount-cache hash table entries: 2048 (order: 2, 16384 bytes)
[    0.389510] Mountpoint-cache hash table entries: 2048 (order: 2, 16384 bytes)
[    0.393073] Initializing cgroup subsys io
[    0.394548] Initializing cgroup subsys memory
[    0.396523] Initializing cgroup subsys devices
[    0.398148] Initializing cgroup subsys freezer
[    0.400419] Initializing cgroup subsys net_cls
[    0.401855] Initializing cgroup subsys perf_event
[    0.403115] Initializing cgroup subsys net_prio
[    0.404633] Initializing cgroup subsys hugetlb
[    0.407046] Initializing cgroup subsys pids
[    0.414461] mce: CPU supports 0 MCE banks
[    0.416379] Last level iTLB entries: 4KB 0, 2MB 0, 4MB 0
[    0.419523] Last level dTLB entries: 4KB 0, 2MB 0, 4MB 0, 1GB 0
[    0.422243] Spectre V1 : Mitigation: usercopy/swapgs barriers and __user pointer sanitization
[    0.425918] Spectre V2 : Mitigation: Full generic retpoline
[    0.427980] Spectre V2 : Spectre v2 / SpectreRSB mitigation: Filling RSB on context switch
[    0.430931] Speculative Store Bypass: Vulnerable
[    0.441472] Freeing SMP alternatives memory: 36K
[    0.460023] ftrace: allocating 32380 entries in 127 pages
[    0.644404] smpboot: APIC(0) Converting physical 0 to logical package 0
[    0.647337] smpboot: Max logical packages: 1
[    0.649361] x2apic enabled
[    0.651926] Switched APIC routing to physical x2apic.
[    0.656132] ..TIMER: vector=0x30 apic1=0 pin1=2 apic2=-1 pin2=-1
[    0.766913] smpboot: CPU0: 11th Gen Intel(R) Core(TM) i5-1135G7 @ 2.40GHz (family: 0x6, model: 0x8c, stepping: 0x1)
[    0.773196] Performance Events: unsupported p6 CPU model 140 no PMU driver, software events only.
[    0.804079] KVM setup paravirtual spinlock
[    0.807771] x86: Booting SMP configuration:
[    0.809122] .... node  #0, CPUs:      #1
[    0.812058] kvm-clock: cpu 1, msr 0:3ffe3041, secondary cpu clock
[    0.820379] mce: CPU supports 0 MCE banks
[    0.824373] x86: Booted up 1 node, 2 CPUs
[    0.827560] smpboot: Total of 2 processors activated (9676.81 BogoMIPS)
[    0.832275] devtmpfs: initialized
[    0.841214] evm: security.selinux
[    0.843733] evm: security.SMACK64
[    0.845134] evm: security.SMACK64EXEC
[    0.846984] evm: security.SMACK64TRANSMUTE
[    0.849007] evm: security.SMACK64MMAP
[    0.851882] evm: security.ima
[    0.854305] evm: security.capability
[    0.858095] clocksource: jiffies: mask: 0xffffffff max_cycles: 0xffffffff, max_idle_ns: 7645041785100000 ns
[    0.863429] futex hash table entries: 512 (order: 3, 32768 bytes)
[    0.866536] pinctrl core: initialized pinctrl subsystem
[    0.869639] RTC time:  3:45:42, date: 03/31/22
[    0.880624] NET: Registered protocol family 16
[    0.893203] cpuidle: using governor ladder
[    0.908453] cpuidle: using governor menu
[    0.910998] PCCT header not found.
[    0.913397] ACPI: bus type PCI registered
[    0.915961] acpiphp: ACPI Hot Plug PCI Controller Driver version: 0.5
[    0.919429] PCI: Using configuration type 1 for base access
[    0.937587] ACPI: Added _OSI(Module Device)
[    0.939999] ACPI: Added _OSI(Processor Device)
[    0.942295] ACPI: Added _OSI(3.0 _SCP Extensions)
[    0.947851] ACPI: Added _OSI(Processor Aggregator Device)
[    0.960376] ACPI: Executed 1 blocks of module-level executable AML code
[    0.970718] ACPI: Interpreter enabled
[    0.973157] ACPI: (supports S0 S5)
[    0.975333] ACPI: Using IOAPIC for interrupt routing
[    0.978897] PCI: Using host bridge windows from ACPI; if necessary, use "pci=nocrs" and report a bug
[    1.001607] ACPI: PCI Root Bridge [PCI0] (domain 0000 [bus 00-ff])
[    1.005631] acpi PNP0A03:00: _OSC: OS supports [ASPM ClockPM Segments MSI]
[    1.010699] acpi PNP0A03:00: _OSC: not requesting OS control; OS requires [ExtendedConfig ASPM ClockPM MSI]
[    1.018358] acpi PNP0A03:00: fail to add MMCONFIG information, can't access extended PCI configuration space under this bridge.
[    1.026382] PCI host bridge to bus 0000:00
[    1.029196] pci_bus 0000:00: root bus resource [io  0x0000-0x0cf7 window]
[    1.033459] pci_bus 0000:00: root bus resource [io  0x0d00-0xffff window]
[    1.038003] pci_bus 0000:00: root bus resource [mem 0x000a0000-0x000bffff window]
[    1.042525] pci_bus 0000:00: root bus resource [mem 0x40000000-0xfdffffff window]
[    1.046919] pci_bus 0000:00: root bus resource [bus 00-ff]
[    1.054643] pci 0000:00:01.1: legacy IDE quirk: reg 0x10: [io  0x01f0-0x01f7]
[    1.058469] pci 0000:00:01.1: legacy IDE quirk: reg 0x14: [io  0x03f6]
[    1.062336] pci 0000:00:01.1: legacy IDE quirk: reg 0x18: [io  0x0170-0x0177]
[    1.066194] pci 0000:00:01.1: legacy IDE quirk: reg 0x1c: [io  0x0376]
[    1.106453] pci 0000:00:07.0: quirk: [io  0x4000-0x403f] claimed by PIIX4 ACPI
[    1.147996] pci 0000:00:07.0: quirk: [io  0x4100-0x410f] claimed by PIIX4 SMB
[    1.181808] ACPI: PCI Interrupt Link [LNKA] (IRQs 5 9 10 *11)
[    1.187964] ACPI: PCI Interrupt Link [LNKB] (IRQs 5 9 *10 11)
[    1.192655] ACPI: PCI Interrupt Link [LNKC] (IRQs 5 *9 10 11)
[    1.195476] ACPI: PCI Interrupt Link [LNKD] (IRQs 5 9 10 *11)
[    1.199082] ACPI: Enabled 2 GPEs in block 00 to 07
[    1.204107] vgaarb: setting as boot device: PCI:0000:00:02.0
[    1.207962] vgaarb: device added: PCI:0000:00:02.0,decodes=io+mem,owns=io+mem,locks=none
[    1.211938] vgaarb: loaded
[    1.213146] vgaarb: bridge control possible 0000:00:02.0
[    1.215659] SCSI subsystem initialized
[    1.218359] ACPI: bus type USB registered
[    1.220071] usbcore: registered new interface driver usbfs
[    1.222135] usbcore: registered new interface driver hub
[    1.224822] usbcore: registered new device driver usb
[    1.226751] PCI: Using ACPI for IRQ routing
[    1.229044] NetLabel: Initializing
[    1.230713] NetLabel:  domain hash size = 128
[    1.232375] NetLabel:  protocols = UNLABELED CIPSOv4
[    1.235389] NetLabel:  unlabeled traffic allowed by default
[    1.238031] amd_nb: Cannot enumerate AMD northbridges
[    1.240129] clocksource: Switched to clocksource kvm-clock
[    1.277258] AppArmor: AppArmor Filesystem Enabled
[    1.280052] pnp: PnP ACPI init
[    1.285694] pnp: PnP ACPI: found 3 devices
[    1.304993] clocksource: acpi_pm: mask: 0xffffff max_cycles: 0xffffff, max_idle_ns: 2085701024 ns
[    1.310584] NET: Registered protocol family 2
[    1.313723] TCP established hash table entries: 8192 (order: 4, 65536 bytes)
[    1.317609] TCP bind hash table entries: 8192 (order: 5, 131072 bytes)
[    1.321061] TCP: Hash tables configured (established 8192 bind 8192)
[    1.324517] UDP hash table entries: 512 (order: 2, 16384 bytes)
[    1.327404] UDP-Lite hash table entries: 512 (order: 2, 16384 bytes)
[    1.330418] NET: Registered protocol family 1
[    1.333002] pci 0000:00:00.0: Limiting direct PCI/PCI transfers
[    1.336170] pci 0000:00:01.0: Activating ISA DMA hang workarounds
[    1.349299] Unpacking initramfs...
[    2.148093] Freeing initrd memory: 14888K
[    2.150670] clocksource: tsc: mask: 0xffffffffffffffff max_cycles: 0x22df14d9973, max_idle_ns: 440795285767 ns
[    2.155175] platform rtc_cmos: registered platform RTC device (no PNP device found)
[    2.157836] Scanning for low memory corruption every 60 seconds
[    2.160343] audit: initializing netlink subsys (disabled)
[    2.162756] audit: type=2000 audit(1648698350.110:1): initialized
[    2.165982] Initialise system trusted keyring
[    2.168588] HugeTLB registered 2 MB page size, pre-allocated 0 pages
[    2.173481] zbud: loaded
[    2.176109] VFS: Disk quotas dquot_6.6.0
[    2.178919] VFS: Dquot-cache hash table entries: 512 (order 0, 4096 bytes)
[    2.182384] squashfs: version 4.0 (2009/01/31) Phillip Lougher
[    2.190780] fuse init (API version 7.23)
[    2.192060] Key type big_key registered
[    2.194021] Allocating IMA MOK and blacklist keyrings.
[    2.200012] Key type asymmetric registered
[    2.202573] Asymmetric key parser 'x509' registered
[    2.205512] Block layer SCSI generic (bsg) driver version 0.4 loaded (major 249)
[    2.210089] io scheduler noop registered
[    2.212660] io scheduler deadline registered (default)
[    2.214578] io scheduler cfq registered
[    2.217191] pci_hotplug: PCI Hot Plug PCI Core version: 0.5
[    2.220120] pciehp: PCI Express Hot Plug Controller Driver version: 0.4
[    2.223889] ACPI: AC Adapter [AC] (off-line)
[    2.228709] input: Power Button as /devices/LNXSYSTM:00/LNXPWRBN:00/input/input0
[    2.233359] ACPI: Power Button [PWRF]
[    2.235668] input: Sleep Button as /devices/LNXSYSTM:00/LNXSLPBN:00/input/input1
[    2.239697] ACPI: Sleep Button [SLPF]
[    2.244436] GHES: HEST is not enabled!
[    2.245245] ACPI: Battery Slot [BAT0] (battery present)
[    2.250520] Serial: 8250/16550 driver, 32 ports, IRQ sharing enabled
[    2.276862] 00:02: ttyS0 at I/O 0x3f8 (irq = 4, base_baud = 115200) is a 16550A
[    2.291034] Linux agpgart interface v0.103
[    2.300602] loop: module loaded
[    2.305789] scsi host0: ata_piix
[    2.308579] scsi host1: ata_piix
[    2.310319] ata1: PATA max UDMA/33 cmd 0x1f0 ctl 0x3f6 bmdma 0xd000 irq 14
[    2.313874] ata2: PATA max UDMA/33 cmd 0x170 ctl 0x376 bmdma 0xd008 irq 15
[    2.318070] libphy: Fixed MDIO Bus: probed
[    2.321358] tun: Universal TUN/TAP device driver, 1.6
[    2.324526] tun: (C) 1999-2004 Max Krasnyansky <maxk@qualcomm.com>
[    2.329297] PPP generic driver version 2.4.2
[    2.333206] ehci_hcd: USB 2.0 'Enhanced' Host Controller (EHCI) Driver
[    2.337395] ehci-pci: EHCI PCI platform driver
[    2.339581] ehci-platform: EHCI generic platform driver
[    2.341910] ohci_hcd: USB 1.1 'Open' Host Controller (OHCI) Driver
[    2.344957] ohci-pci: OHCI PCI platform driver
[    2.347193] ohci-platform: OHCI generic platform driver
[    2.349592] uhci_hcd: USB Universal Host Controller Interface driver
[    2.352909] i8042: PNP: PS/2 Controller [PNP0303:PS2K,PNP0f03:PS2M] at 0x60,0x64 irq 1,12
[    2.358215] serio: i8042 KBD port at 0x60,0x64 irq 1
[    2.360354] serio: i8042 AUX port at 0x60,0x64 irq 12
[    2.365882] mousedev: PS/2 mouse device common for all mice
[    2.368776] input: AT Translated Set 2 keyboard as /devices/platform/i8042/serio0/input/input2
[    2.373580] rtc_cmos rtc_cmos: rtc core: registered rtc_cmos as rtc0
[    2.376783] rtc_cmos rtc_cmos: alarms up to one day, 114 bytes nvram
[    2.379028] i2c /dev entries driver
[    2.381420] device-mapper: uevent: version 1.0.3
[    2.383998] device-mapper: ioctl: 4.34.0-ioctl (2015-10-28) initialised: dm-devel@redhat.com
[    2.387391] ledtrig-cpu: registered to indicate activity on CPUs
[    2.390908] NET: Registered protocol family 10
[    2.395845] NET: Registered protocol family 17
[    2.398251] Key type dns_resolver registered
[    2.402204] registered taskstats version 1
[    2.405329] Loading compiled-in X.509 certificates
[    2.407909] Loaded X.509 cert 'Build time autogenerated kernel key: cf00e047681d67edb2720680708b7d9498083038'
[    2.415654] zswap: loaded using pool lzo/zbud
[    2.422064] Key type trusted registered
[    2.433617] Key type encrypted registered
[    2.436322] AppArmor: AppArmor sha1 policy hashing enabled
[    2.438830] ima: No TPM chip found, activating TPM-bypass!
[    2.440681] ima: Allocated hash algorithm: sha1
[    2.443429] evm: HMAC attrs: 0x1
[    2.446246]   Magic number: 14:861:766
[    2.449456] rtc_cmos rtc_cmos: setting system clock to 2022-03-31 03:45:44 UTC (1648698344)
[    2.454481] BIOS EDD facility v0.16 2004-Jun-25, 0 devices found
[    2.459323] EDD information not available.
[    2.504961] Freeing unused kernel memory: 1492K
[    2.508025] Write protecting the kernel read-only data: 14336k
[    2.512521] Freeing unused kernel memory: 1584K
[    2.516445] Freeing unused kernel memory: 52K
Loading, please wait...
starting version 229
[    2.550234] random: systemd-udevd: uninitialized urandom read (16 bytes read, 5 bits of entropy available)
[    2.551101] random: udevadm: uninitialized urandom read (16 bytes read, 5 bits of entropy available)
[    2.551155] random: udevadm: uninitialized urandom read (16 bytes read, 5 bits of entropy available)
[    2.565748] random: systemd-udevd: uninitialized urandom read (16 bytes read, 5 bits of entropy available)
[    2.572755] random: systemd-udevd: uninitialized urandom read (16 bytes read, 5 bits of entropy available)
[    2.576042] random: udevadm: uninitialized urandom read (16 bytes read, 5 bits of entropy available)
[    2.576101] random: udevadm: uninitialized urandom read (16 bytes read, 5 bits of entropy available)
[    2.576408] random: udevadm: uninitialized urandom read (16 bytes read, 5 bits of entropy available)
[    2.576483] random: udevadm: uninitialized urandom read (16 bytes read, 5 bits of entropy available)
[    2.576540] random: udevadm: uninitialized urandom read (16 bytes read, 5 bits of entropy available)
[    2.719952] e1000: Intel(R) PRO/1000 Network Driver - version 7.3.21-k8-NAPI
[    2.723962] e1000: Copyright (c) 1999-2006 Intel Corporation.
[    2.731517] Fusion MPT base driver 3.04.20
[    2.734035] Copyright (c) 1999-2008 LSI Corporation
[    2.767410] Fusion MPT SPI Host driver 3.04.20
[    2.817741] AVX2 version of gcm_enc/dec engaged.
[    2.819385] AES CTR mode by8 optimization enabled
[    2.969418] input: ImExPS/2 Generic Explorer Mouse as /devices/platform/i8042/serio1/input/input4
[    3.299763] e1000 0000:00:03.0 eth0: (PCI:33MHz:32-bit) 02:be:82:6b:cc:1d
[    3.303975] e1000 0000:00:03.0 eth0: Intel(R) PRO/1000 Network Connection
[    3.308623] mptbase: ioc0: Initiating bringup
[    4.088291] ioc0: LSI53C1030 A0: Capabilities={Initiator}
[    5.400282] scsi host2: ioc0: LSI53C1030 A0, FwRev=00000000h, Ports=1, MaxQ=256, IRQ=20
[    6.405215] scsi 2:0:0:0: Direct-Access     VBOX     HARDDISK         1.0  PQ: 0 ANSI: 5
[    6.411050] scsi target2:0:0: Beginning Domain Validation
[    6.420932] scsi target2:0:0: Domain Validation skipping write tests
[    6.424940] scsi target2:0:0: Ending Domain Validation
[    6.427124] scsi target2:0:0: asynchronous
[    6.432070] scsi 2:0:1:0: Direct-Access     VBOX     HARDDISK         1.0  PQ: 0 ANSI: 5
[    6.438040] scsi target2:0:1: Beginning Domain Validation
[    6.444496] scsi target2:0:1: Domain Validation skipping write tests
[    6.448737] scsi target2:0:1: Ending Domain Validation
[    6.451616] scsi target2:0:1: asynchronous
[    6.475024] sd 2:0:0:0: Attached scsi generic sg0 type 0
[    6.480765] sd 2:0:1:0: [sdb] 20480 512-byte logical blocks: (10.5 MB/10.0 MiB)
[    6.482009] sd 2:0:0:0: [sda] 83886080 512-byte logical blocks: (42.9 GB/40.0 GiB)
[    6.489936] sd 2:0:0:0: [sda] Write Protect is off
[    6.497732] sd 2:0:0:0: [sda] Incomplete mode parameter data
[    6.497734] sd 2:0:0:0: [sda] Assuming drive cache: write through
[    6.537338] sd 2:0:1:0: Attached scsi generic sg1 type 0
[    6.542134] sd 2:0:1:0: [sdb] Write Protect is off
[    6.545282] sd 2:0:1:0: [sdb] Incomplete mode parameter data
[    6.547732] sd 2:0:1:0: [sdb] Assuming drive cache: write through
[    6.551218]  sda: sda1
[    6.555777] sd 2:0:0:0: [sda] Attached SCSI disk
[    6.563315] sd 2:0:1:0: [sdb] Attached SCSI disk
[    6.953296] e1000 0000:00:08.0 eth1: (PCI:33MHz:32-bit) 08:00:27:3d:ae:41
[    6.957267] e1000 0000:00:08.0 eth1: Intel(R) PRO/1000 Network Connection
[    6.962572] e1000 0000:00:08.0 enp0s8: renamed from eth1
[    6.980679] e1000 0000:00:03.0 enp0s3: renamed from eth0
Begin: Loading essential drivers ... [    8.916406] md: linear personality registered for level -1
[    8.926899] md: multipath personality registered for level -4
[    8.937642] md: raid0 personality registered for level 0
[    8.952239] md: raid1 personality registered for level 1
[    9.032466] raid6: sse2x1   gen()  3002 MB/s
[    9.104277] raid6: sse2x1   xor()  2403 MB/s
[    9.172243] raid6: sse2x2   gen()  4483 MB/s
[    9.240288] raid6: sse2x2   xor()  3291 MB/s
[    9.308282] raid6: sse2x4   gen()  4972 MB/s
[    9.376364] raid6: sse2x4   xor()  3264 MB/s
[    9.444233] raid6: avx2x1   gen()  5841 MB/s
[    9.512282] raid6: avx2x2   gen()  8203 MB/s
[    9.580252] raid6: avx2x4   gen()  7715 MB/s
[    9.583413] raid6: using algorithm avx2x2 gen() 8203 MB/s
[    9.586716] raid6: using avx2x2 recovery algorithm
[    9.593518] xor: automatically using best checksumming function:
[    9.636247]    avx       :  6164.000 MB/sec
[    9.643989] async_tx: api initialized (async)
[    9.677089] md: raid6 personality registered for level 6
[    9.681005] md: raid5 personality registered for level 5
[    9.684683] md: raid4 personality registered for level 4
[    9.706122] md: raid10 personality registered for level 10
done.
Begin: Running /scripts/init-premount ... done.
Begin: Mounting root file system ... Begin: Running /scripts/local-top ... done.
Begin: Running /scripts/local-premount ... [    9.809135] Btrfs loaded
Scanning for Btrfs filesystems
done.
Warning: fsck not present, so skipping root file system
[    9.878739] EXT4-fs (sda1): mounted filesystem with ordered data mode. Opts: (null)
done.
Begin: Running /scripts/local-bottom ... done.
Begin: Running /scripts/init-bottom ... done.
[   10.041209] systemd[1]: systemd 229 running in system mode. (+PAM +AUDIT +SELINUX +IMA +APPARMOR +SMACK +SYSVINIT +UTMP +LIBCRYPTSETUP +GCRYPT +GNUTLS +ACL +XZ -LZ4 +SECCOMP +BLKID +ELFUTILS +KMOD -IDN)
[   10.050239] systemd[1]: Detected virtualization oracle.
[   10.053687] systemd[1]: Detected architecture x86-64.

Welcome to [1mUbuntu 16.04.7 LTS[0m!

[   10.156448] systemd[1]: Set hostname to <ubuntu>.
[   10.164790] systemd[1]: Initializing machine ID from random generator.
[   10.169508] systemd[1]: Installed transient /etc/machine-id file.
[   10.549688] systemd[1]: Listening on Journal Audit Socket.
[[0;32m  OK  [0m] Listening on Journal Audit Socket.
[   10.556031] systemd[1]: Listening on Journal Socket.
[[0;32m  OK  [0m] Listening on Journal Socket.
[   10.560541] systemd[1]: Listening on Journal Socket (/dev/log).
[[0;32m  OK  [0m] Listening on Journal Socket (/dev/log).
[   10.567623] systemd[1]: Created slice System Slice.
[[0;32m  OK  [0m] Created slice System Slice.
[   10.585277] systemd[1]: Starting Uncomplicated firewall...
         Starting Uncomplicated firewall...
[   10.602771] systemd[1]: Mounting POSIX Message Queue File System...
         Mounting POSIX Message Queue File System...
[   10.618181] systemd[1]: Created slice system-serial\x2dgetty.slice.
[[0;32m  OK  [0m] Created slice system-serial\x2dgetty.slice.
[   10.624848] systemd[1]: Listening on /dev/initctl Compatibility Named Pipe.
[[0;32m  OK  [0m] Listening on /dev/initctl Compatibility Named Pipe.
[   10.636817] systemd[1]: Listening on fsck to fsckd communication Socket.
[[0;32m  OK  [0m] Listening on fsck to fsckd communication Socket.
[   10.656597] systemd[1]: Starting File System Check on Root Device...
[   10.661268] random: nonblocking pool is initialized
         Starting File System Check on Root Device...

   10.673176] systemd[1]: Reached target System Time Synchronized.
[[0;32m  OK  [0m] Reached target System Time Synchronized.
[   10.708640] systemd[1]: Starting Nameserver information manager...
         Starting Nameserver information manager...
[   10.715875] systemd[1]: Starting Create list of required static device nodes for the current kernel...
         Starting Create list of required st... nodes for the current kernel...
[   10.733281] systemd[1]: Listening on udev Control Socket.
[[0;32m  OK  [0m] Listening on udev Control Socket.
[   10.745122] systemd[1]: Set up automount Arbitrary Executable File Formats File System Automount Point.
[[0;32m  OK  [0m] Set up automount Arbitrary Executab...ats File System Automount Point.
[   10.755430] systemd[1]: Listening on udev Kernel Socket.
[[0;32m  OK  [0m] Listening on udev Kernel Socket.
[   11.154058] systemd[1]: Reached target Encrypted Volumes.
[[0;32m  OK  [0m] Reached target Encrypted Volumes.
[   11.296631] systemd[1]: Mounting Huge Pages File System...
         Mounting Huge Pages File System...
[   11.304155] systemd[1]: Listening on Device-mapper event daemon FIFOs.
[[0;32m  OK  [0m] Listening on Device-mapper event daemon FIFOs.
[   11.310606] systemd[1]: Listening on Syslog Socket.
[[0;32m  OK  [0m] Listening on Syslog Socket.
[   11.320686] systemd[1]: Reached target User and Group Name Lookups.
[[0;32m  OK  [0m] Reached target User and Group Name Lookups.
[   11.345007] systemd[1]: Starting Load Kernel Modules...
         Starting Load Kernel Modules...
[   11.351249] systemd[1]: Started Forward Password Requests to Wall Directory Watch.
[[0;32m  OK  [0m] Started Forward Password Requests to Wall Directory Watch.
[   11.369598] systemd[1]: Listening on LVM2 poll daemon socket.
[   11.375446] Loading iSCSI transport class v2.0-870.
[[0;32m  OK  [0m] Listening on LVM2 poll daemon socket.
[   11.396386] iscsi: registered transport (tcp)
[   11.396609] systemd[1]: Mounting Debug File System...
         Mounting Debug File System...
[   11.407915] systemd[1]: Reached target Swap.
[[0;32m  OK  [0m] Reached target Swap.
[   11.413316] systemd[1]: Started Trigger resolvconf update for networkd DNS.
[[0;32m  OK  [0m] Started Trigger resolvconf update for networkd DNS.
[   11.421774] systemd[1]: Starting Journal Service...
         Starting Journal Service...
[   11.427883] systemd[1]: Created slice User and Session Slice.
[[0;32m  OK  [0m] Created slice User and Session Slice.
[   11.436029] systemd[1]: Reached target Slices.
[[0;32m  OK  [0m] Reached target Slices.
[   11.461364] systemd[1]: Starting Set console keymap...
         Starting Set console keymap...
[   11.466746] systemd[1]: Listening on LVM2 metadata daemon socket.
[[0;32m  OK  [0m] Listening on LVM2 metadata daemon socket.
[   11.474785] systemd[1]: Starting Monitoring of LVM2 mirrors, snapshots etc. using dmeventd or progress polling...
         Starting Monitoring of LVM2 mirrors... dmeventd or progress polling...
[   11.489235] systemd[1]: Mounted Huge Pages File System.
[[0;32m  OK  [0m] Mounted Huge Pages File System.
[   11.492954] systemd[1]: Mounted POSIX Message Queue File System.
[[0;32m  OK  [0m] Mounted POSIX Message Queue File System.
[   11.498049] systemd[1]: Mounted Debug File System.
[[0;32m  OK  [0m] Mounted Debug File System.
[   11.513731] systemd[1]: Started Uncomplicated firewall.
[[0;32m  OK  [0m] Started Uncomplicated firewall.
[   11.523963] systemd[1]: Started File System Check on Root Device.
[[0;32m  OK  [0m] Started File System Check on Root Device.
[   11.536924] iscsi: registered transport (iser)
[   11.538362] systemd[1]: Started Create list of required static device nodes for the current kernel.
[[0;32m  OK  [0m] Started Create list of required sta...ce nodes for the current kernel.
[   11.557914] systemd[1]: Started Journal Service.
[[0;32m  OK  [0m] Started Journal Service.
[[0;32m  OK  [0m] Started Load Kernel Modules.
[[0;32m  OK  [0m] Started Nameserver information manager.
[[0;32m  OK  [0m] Started LVM2 metadata daemon.
[[0;32m  OK  [0m] Started File System Check Daemon to report status.
         Starting Apply Kernel Variables...
         Mounting FUSE Control File System...
         Starting Create Static Device Nodes in /dev...
         Starting Remount Root and Kernel File Systems...
[[0;32m  OK  [0m] Mounted FUSE Control File System.
[[0;32m  OK  [0m] Started Set console keymap.
[   11.668781] EXT4-fs (sda1): re-mounted. Opts: (null)
[[0;32m  OK  [0m] Started Apply Kernel Variables.
[[0;32m  OK  [0m] Started Remount Root and Kernel File Systems.
         Starting udev Coldplug all Devices...
         Starting Load/Save Random Seed...
         Starting Flush Journal to Persistent Storage...
[[0;32m  OK  [0m] Started Create Static Device Nodes in /dev.
[[0;32m  OK  [0m] Started Load/Save Random Seed.
         Starting udev Kernel Device Manager...
[[0;32m  OK  [0m] Started Flush Journal to Persistent Storage.
[[0;32m  OK  [0m] Started udev Kernel Device Manager.
[[0;32m  OK  [0m] Started udev Coldplug all Devices.
[[0;32m  OK  [0m] Started Dispatch Password Requests to Console Directory Watch.
[[0;32m  OK  [0m] Started Monitoring of LVM2 mirrors,...ng dmeventd or progress polling.
[[0;32m  OK  [0m] Reached target Local File Systems (Pre).
[[0;32m  OK  [0m] Reached target Local File Systems.
         Starting LSB: AppArmor initialization...
         Starting Commit a transient machine-id on disk...
         Starting Set console font and keymap...
         Starting Create Volatile Files and Directories...
         Starting Initial cloud-init job (pre-networking)...
         Starting Tell Plymouth To Write Out Runtime Data...
[[0;32m  OK  [0m] Started Commit a transient machine-id on disk.
[[0;32m  OK  [0m] Started Create Volatile Files and Directories.
[[0;32m  OK  [0m] Started Tell Plymouth To Write Out Runtime Data.
         Starting Update UTMP about System Boot/Shutdown...
[[0;32m  OK  [0m] Started Update UTMP about System Boot/Shutdown.
[[0;32m  OK  [0m] Found device /dev/ttyS0.
[[0;32m  OK  [0m] Listening on Load/Save RF Kill Switch Status /dev/rfkill Watch.
[   15.392429] [[0;32m  OK  [0m] Started LSB: AppArmor initialization.
cloud-init[524]: Cloud-init v. 21.1-19-gbad84ad4-0ubuntu1~16.04.2 running 'init-local' at Thu, 31 Mar 2022 03:45:56 +0000. Up 14.18 seconds.
         Starting Load AppArmor profiles managed internally by snapd...
[[0;32m  OK  [0m] Started Set console font and keymap.
[[0;32m  OK  [0m] Started Load AppArmor profiles managed internally by snapd.
[[0;32m  OK  [0m] Started Initial cloud-init job (pre-networking).
[[0;32m  OK  [0m] Reached target Network (Pre).
         Starting Raise network interfaces...
[[0;32m  OK  [0m] Created slice system-getty.slice.
[[0;32m  OK  [0m] Started Raise network interfaces.
[[0;32m  OK  [0m] Reached target Network.
         Starting Initial cloud-init job (metadata service crawler)...
[   18.038054] cloud-init[978]: Cloud-init v. 21.1-19-gbad84ad4-0ubuntu1~16.04.2 running 'init' at Thu, 31 Mar 2022 03:45:59 +0000. Up 17.03 seconds.
[   18.043153] cloud-init[978]: ci-info: ++++++++++++++++++++++++++++++++++++++Net device info+++++++++++++++++++++++++++++++++++++++
[   18.048205] cloud-init[978]: ci-info: +--------+-------+----------------------------+---------------+--------+-------------------+
[   18.053111] cloud-init[978]: ci-info: | Device |   Up  |          Address           |      Mask     | Scope  |     Hw-Address    |
[   18.058693] cloud-init[978]: ci-info: +--------+-------+----------------------------+---------------+--------+-------------------+
[   18.063056] cloud-init[978]: ci-info: | enp0s3 |  True |         10.0.2.15          | 255.255.255.0 | global | 02:be:82:6b:cc:1d |
[   18.069027] cloud-init[978]: ci-info: | enp0s3 |  True | fe80::be:82ff:fe6b:cc1d/64 |       .       |  link  | 02:be:82:6b:cc:1d |
[   18.076569] cloud-init[978]: ci-info: | enp0s8 | False |             .              |       .       |   .    | 08:00:27:3d:ae:41 |
[   18.081405] cloud-init[978]: ci-info: |   lo   |  True |         127.0.0.1          |   255.0.0.0   |  host  |         .         |
[   18.084142] cloud-init[978]: ci-info: |   lo   |  True |          ::1/128           |       .       |  host  |         .         |
[   18.088676] cloud-init[978]: ci-info: +--------+-------+----------------------------+---------------+--------+-------------------+
[   18.093463] cloud-init[978]: ci-info: +++++++++++++++++++++++++++Route IPv4 info++++++++++++++++++++++++++++
[   18.096755] cloud-init[978]: ci-info: +-------+-------------+----------+---------------+-----------+-------+
[   18.099287] cloud-init[978]: ci-info: | Route | Destination | Gateway  |    Genmask    | Interface | Flags |
[   18.101350] cloud-init[978]: ci-info: +-------+-------------+----------+---------------+-----------+-------+
[   18.104284] cloud-init[978]: ci-info: |   0   |   0.0.0.0   | 10.0.2.2 |    0.0.0.0    |   enp0s3  |   UG  |
[   18.106784] cloud-init[978]: ci-info: |   1   |   10.0.2.0  | 0.0.0.0  | 255.255.255.0 |   enp0s3  |   U   |
[   18.111428] cloud-init[978]: ci-info: +-------+-------------+----------+---------------+-----------+-------+
[   18.115134] cloud-init[978]: ci-info: +++++++++++++++++++Route IPv6 info+++++++++++++++++++
[   18.124516] cloud-init[978]: ci-info: +-------+-------------+---------+-----------+-------+
[   18.128553] cloud-init[978]: ci-info: | Route | Destination | Gateway | Interface | Flags |
[   18.131258] cloud-init[978]: ci-info: +-------+-------------+---------+-----------+-------+
[   18.134202] cloud-init[978]: ci-info: |   0   |  fe80::/64  |    ::   |   enp0s3  |   U   |
[   18.137807] cloud-init[978]: ci-info: |   3   |   ff00::/8  |    ::   |   enp0s3  |   U   |
[   18.140601] cloud-init[978]: ci-info: +-------+-------------+---------+-----------+-------+
[   18.143385] cloud-init[978]: Generating public/private rsa key pair.
[   18.146906] cloud-init[978]: Your identification has been saved in /etc/ssh/ssh_host_rsa_key.
[   18.149465] cloud-init[978]: Your public key has been saved in /etc/ssh/ssh_host_rsa_key.pub.
[   18.153484] cloud-init[978]: The key fingerprint is:
[   18.157360] cloud-init[978]: SHA256:dLu6J4SedUzu9kJcXGE7ghaFSt3eDGEs++vCp1IWaPo root@ubuntu-xenial
[   18.160506] cloud-init[978]: The key's randomart image is:
[   18.163027] cloud-init[978]: +---[RSA 2048]----+
[   18.164930] cloud-init[978]: |         ..=+.o. |
[   18.167338] cloud-init[978]: |        . +++... |
[   18.169213] cloud-init[978]: |       ..o+=.=o  |
[   18.171900] cloud-init[978]: |       .+o+.+.o. |
[   18.181461] cloud-init[978]: |       +S=.+     |
[   18.183903] cloud-init[978]: |      o o O..    |
[   18.186185] cloud-init[978]: |     . = B.  .   |
[   18.189225] cloud-init[978]: |      o E.B o    |
[   18.191888] cloud-init[978]: |        o*.Bo    |
[   18.193696] cloud-init[978]: +----[SHA256]-----+
[   18.195295] cloud-init[978]: Generating public/private dsa key pair.
[   18.197817] cloud-init[978]: Your identification has been saved in /etc/ssh/ssh_host_dsa_key.
[   18.204998] cloud-init[978]: Your public key has been saved in /etc/ssh/ssh_host_dsa_key.pub.
[   18.208887] cloud-init[978]: The key fingerprint is:
[   18.211954] cloud-init[978]: SHA256:zlfEXBxggEsElmcR9BJBaf4VFATvYbyMkeLTocSZ8Ck root@ubuntu-xenial
[   18.215883] cloud-init[978]: The key's randomart image is:
[   18.217923] cloud-init[978]: +---[DSA 1024]----+
[   18.220697] cloud-init[978]: |      +*O*o=*+o. |
[   18.223642] cloud-init[978]: |     ..+B* B...  |
[   18.226660] cloud-init[978]: |      E*X.= O.   |
[   18.229176] cloud-init[978]: |       +o= O.o   |
[   18.236846] cloud-init[978]: |        S.o.=    |
[   18.239134] cloud-init[978]: |       o ...     |
[   18.241905] cloud-init[978]: |        o .      |
[   18.244801] cloud-init[978]: |         .       |
[   18.247521] cloud-init[978]: |                 |
[   18.249603] cloud-init[978]: +----[SHA256]-----+
[   18.251148] cloud-init[978]: Generating public/private ecdsa key pair.
[   18.251857] cloud-init[978]: Your identification has been saved in /etc/ssh/ssh_host_ecdsa_key.
[   18.253782] cloud-init[978]: Your public key has been saved in /etc/ssh/ssh_host_ecdsa_key.pub.
[   18.254584] cloud-init[978]: The key fingerprint is:
[   18.256008] cloud-init[978]: SHA256:pUzEYKUmzmr6VF999ALtiDQc3TnMRcmXN2Hdlcwoydw root@ubuntu-xenial
[   18.257741] cloud-init[978]: The key's randomart image is:
[   18.259703] cloud-init[978]: +---[ECDSA 256]---+
[   18.261507] cloud-init[978]: |      o++.o+o=*+O|
[[0;32m  OK  [0m] Started Initial cloud-init job (metadata service crawler).
[[0;32m  OK  [0m] Reached target Network is Online.
[   18.262880] cloud-init[978]: |     . +...**E+*=|
[   18.272735] cloud-init[978]: |    . o = o +. .o|
[   18.283510]          Starting iSCSI initiator daemon (iscsid)...
[[0;32m  OK  [0m] Reached target System Initialization.
[[0;32m  OK  [0m] Started Message of the Day.
[[0;32m  OK  [0m] Started Ubuntu Advantage update messaging.
[[0;32m  OK  [0m] Listening on D-Bus System Message Bus Socket.
[[0;32m  OK  [0m] Started Daily Cleanup of Temporary Directories.
[[0;32m  OK  [0m] Started Daily apt download activities.
[[0;32m  OK  [0m] Started Daily apt upgrade and clean activities.
[cloud-init[0;32m  OK  [0m] Reached target Timers.
[978]: |   o o + * = .   |
[   18.299710] cloud-init[[0;32m  OK  [0m] Started ACPI Events Check.
[978]: |    +   S o + .  |
[   18.302596] cloud-init[978]: |   o . .   . .   |[[0;32m  OK  [0m] Reached target Paths.
[[0;32m  OK  [0m] Listening on ACPID Listen Socket.

         Starting LXD - unix socket.
[[0;32m  OK  [0m] Listening on UUID daemon activation socket.
         Starting Socket activation for snappy daemon.
[[0;32m  OK  [0m] Reached target Cloud-config availability.
[   18.314916] cloud-init[978]: |  +   .          |
[   18.317314] cloud-init[978]: | +               |
[   18.319354] cloud-init[978]: |...              |
[   18.321911] cloud-init[978]: +----[SHA256]-----+
[   18.323618] cloud-init[978]: [[0;32m  OK  [0m] Listening on LXD - unix socket.
[[0;32m  OK  [0m] Listening on Socket activation for snappy daemon.
[[0;32m  OK  [0m] Reached target Sockets.
Generating public/private ed25519 key pair.
[[0;32m  OK  [0m] Reached target Basic System.
[   18.331395] cloud-init[978]: Your identification has been saved in /etc/ssh/ssh_host_ed25519_key.
[[0;32m  OK  [0m] Started Regular background program processing daemon.[   18.340967] 
[[0;32m  OK  [0m] Started FUSE filesystem for LXC.
cloud-init[978]: Your public key has been saved in /etc/ssh/ssh_host_ed25519_key.pub.         Starting LSB: MD monitoring daemon...

[   18.349037] cloud-init[978]: The key fingerprint is:
[   18.355828]          Starting /etc/rc.local Compatibility...
cloud-init[978]: SHA256:DfKgfsvoH0qaQZN5roQVusIUGmUNdXBfwfAfO1yVh+M root@ubuntu-xenial
[   18.366390] [[0;32m  OK  [0m] Started ACPI event daemon.
cloud-init[978]: The key's randomart image is:         Starting LSB: Record successful boot for GRUB...
         Starting Accounts Service...

[   18.375497] cloud-init[978]: +--[ED25519 256]--+
[   18.376842] cloud-init[978]: |  ++o.o .oo.   .o|
         Starting Login Service...
         Starting System Logging Service...
[[0;32m  OK  [0m] Started D-Bus System Message Bus.
[   18.377979] cloud-init[978]: | o  .o . o.   oo.|
[   18.414151] cloud-init[978]: |...   o o . .....|
[   18.416635] cloud-init[978]: |.o.+ . + o o +E  |
[   18.420704] cloud-init[978]: |o.* o   S . =    |
[   18.424353] cloud-init[978]: |o= =         .   |
[   18.428737] cloud-init[978]: |+.o + o          |
[   18.432811] cloud-init[978]: |.. * = o         |
[   18.435157] cloud-init[978]: |  +.+.+          |
[   18.438492] cloud-init[978]: +----[SHA256]-----+
         Starting Snap Daemon...
         Starting Virtualbox guest utils...
[[0;32m  OK  [0m] Started Deferred execution scheduler.
         Starting Pollinate to seed the pseudo random number generator...
         Starting LXD - container startup/shutdown...
[[0;32m  OK  [0m] Started System Logging Service.
[[0;32m  OK  [0m] Started iSCSI initiator daemon (iscsid).
[[0;32m  OK  [0m] Started /etc/rc.local Compatibility.
[[0;32m  OK  [0m] Started Login Service.
[[0;32m  OK  [0m] Started Unattended Upgrades Shutdown.
         Starting Authenticate and Authorize Users to Run Privileged Tasks...
         Starting Login to default iSCSI targets...
[[0;32m  OK  [0m] Started LSB: Record successful boot for GRUB.
[[0;32m  OK  [0m] Started LSB: MD monitoring daemon.
[[0;32m  OK  [0m] Started Authenticate and Authorize Users to Run Privileged Tasks.
[[0;32m  OK  [0m] Started Login to default iSCSI targets.
[[0;32m  OK  [0m] Reached target Remote File Systems (Pre).
[[0;32m  OK  [0m] Reached target Remote File Systems.
         Starting LSB: Set the CPU Frequency Scaling governor to "ondemand"...
         Starting LSB: automatic crash report generation...
         Starting LSB: daemon to balance interrupts for SMP systems...
         Starting Permit User Sessions...
[[0;32m  OK  [0m] Started Accounts Service.
[[0;32m  OK  [0m] Started Permit User Sessions.
         Starting Terminate Plymouth Boot Screen...
         Starting Hold until boot process finishes up...
[[0;32m  OK  [0m] Started Terminate Plymouth Boot Screen.
[[0;32m  OK  [0m] Started Hold until boot process finishes up.
[[0;32m  OK  [0m] Started Virtualbox guest utils.
         Starting Set console scheme...
[[0;32m  OK  [0m] Started Serial Getty on ttyS0.
[[0;32m  OK  [0m] Started Getty on tty1.
[[0;32m  OK  [0m] Reached target Login Prompts.
[[0;32m  OK  [0m] Started LXD - container startup/shutdown.
[[0;32m  OK  [0m] Started LSB: Set the CPU Frequency Scaling governor to "ondemand".
[[0;32m  OK  [0m] Started Set console scheme.
[[0;32m  OK  [0m] Started LSB: automatic crash report generation.
[[0;32m  OK  [0m] Started LSB: daemon to balance interrupts for SMP systems.
[[0;32m  OK  [0m] Started Snap Daemon.
         Starting Wait until snapd is fully seeded...
[[0;32m  OK  [0m] Started Pollinate to seed the pseudo random number generator.
         Starting OpenBSD Secure Shell server...
[[0;32m  OK  [0m] Started OpenBSD Secure Shell server.
[[0;32m  OK  [0m] Created slice User Slice of vagrant.
         Starting User Manager for UID 1000...
[[0;32m  OK  [0m] Started Session 1 of user vagrant.
[[0;32m  OK  [0m] Started User Manager for UID 1000.
[[0;32m  OK  [0m] Started Wait until snapd is fully seeded.
         Starting Apply the settings specified in cloud-config...
[[0;32m  OK  [0m] Reached target Multi-User System.
[[0;32m  OK  [0m] Reached target Graphical Interface.
         Starting Update UTMP about System Runlevel Changes...
[[0;32m  OK  [0m] Started Update UTMP about System Runlevel Changes.
[   24.268939] cloud-init[1439]: Generating locales (this might take a while)...

Ubuntu 16.04.7 LTS ubuntu-xenial ttyS0

ubuntu-xenial login: [   26.259438] cloud-init[1439]:   en_US.UTF-8... done
[   26.261171] cloud-init[1439]: Generation complete.
[   27.092542] cloud-init[1439]: Cloud-init v. 21.1-19-gbad84ad4-0ubuntu1~16.04.2 running 'modules:config' at Thu, 31 Mar 2022 03:46:06 +0000. Up 23.80 seconds.
ci-info: no authorized SSH keys fingerprints found for user ubuntu.
<14>Mar 31 03:46:10 ec2: 
<14>Mar 31 03:46:10 ec2: #############################################################
<14>Mar 31 03:46:10 ec2: -----BEGIN SSH HOST KEY FINGERPRINTS-----
<14>Mar 31 03:46:10 ec2: 1024 SHA256:zlfEXBxggEsElmcR9BJBaf4VFATvYbyMkeLTocSZ8Ck root@ubuntu-xenial (DSA)
<14>Mar 31 03:46:10 ec2: 256 SHA256:pUzEYKUmzmr6VF999ALtiDQc3TnMRcmXN2Hdlcwoydw root@ubuntu-xenial (ECDSA)
<14>Mar 31 03:46:10 ec2: 256 SHA256:DfKgfsvoH0qaQZN5roQVusIUGmUNdXBfwfAfO1yVh+M root@ubuntu-xenial (ED25519)
<14>Mar 31 03:46:10 ec2: 2048 SHA256:dLu6J4SedUzu9kJcXGE7ghaFSt3eDGEs++vCp1IWaPo root@ubuntu-xenial (RSA)
<14>Mar 31 03:46:10 ec2: -----END SSH HOST KEY FINGERPRINTS-----
<14>Mar 31 03:46:10 ec2: #############################################################
-----BEGIN SSH HOST KEY KEYS-----
ecdsa-sha2-nistp256 AAAAE2VjZHNhLXNoYTItbmlzdHAyNTYAAAAIbmlzdHAyNTYAAABBBOercCHtESgK5IQy8TWt61PIZ6Gl9tfS32r6FFBYAk5A5TAroIFIqYnBQJq4GfTfl1okd8ccq4sqgbvEzMFBq+s= root@ubuntu-xenial
ssh-ed25519 AAAAC3NzaC1lZDI1NTE5AAAAIKbu3vEHDSzG+otoW8m2t978P7M44Roc/FX/8aurQmZ4 root@ubuntu-xenial
ssh-rsa AAAAB3NzaC1yc2EAAAADAQABAAABAQDIwqJQLFpPdG9uF7SlrZP2g7epffEommiL5Qg0yMBMwycvaVhX+kgBs6iZCz40fbNQMxN1lkyM3xwTbgATA/n7Z9U/UN1LKXFbPuqQRrsqQTG9G3NTNY3bO0lc2DdAa9y9j1WSYHEGAA8fBVeVsmBuDPUHc8SKvLBFDNcjZaew/Zg61VMeZRVZB5kL9mBMdkOK2F7XoluBXXhKt67mm3AktJx1DAGY/F63I/TmP3vyCKRHRLByQqJ8pgvHydS16dOxujGv0I9oy6N9nImynCTbI0ye6J8zZ8BWQs3fT1QW0Kgy2yRUr6oSoaaTnbayyNf5JwzELhJ2l3TbvK60sdgH root@ubuntu-xenial
-----END SSH HOST KEY KEYS-----
[   28.398269] cloud-init[1594]: Cloud-init v. 21.1-19-gbad84ad4-0ubuntu1~16.04.2 running 'modules:final' at Thu, 31 Mar 2022 03:46:10 +0000. Up 28.01 seconds.
[   28.398788] cloud-init[1594]: ci-info: no authorized SSH keys fingerprints found for user ubuntu.
[   28.400223] cloud-init[1594]: Cloud-init v. 21.1-19-gbad84ad4-0ubuntu1~16.04.2 finished at Thu, 31 Mar 2022 03:46:10 +0000. Datasource DataSourceNoCloud [seed=/dev/sdb][dsmode=net].  Up 28.38 seconds
