[    0.000000] Initializing cgroup subsys cpuset
[    0.000000] Initializing cgroup subsys cpu
[    0.000000] Initializing cgroup subsys cpuacct
[    0.000000] Linux version 4.4.0-210-generic (buildd@lgw01-amd64-009) (gcc version 5.4.0 20160609 (Ubuntu 5.4.0-6ubuntu1~16.04.12) ) #242-Ubuntu SMP Fri Apr 16 09:57:56 UTC 2021 (Ubuntu 4.4.0-210.242-generic 4.4.262)
[    0.000000] Command line: BOOT_IMAGE=/boot/vmlinuz-4.4.0-210-generic root=LABEL=cloudimg-rootfs ro console=tty1 console=ttyS0
[    0.000000] KERNEL supported cpus:
[    0.000000]   Intel GenuineIntel
[    0.000000]   AMD AuthenticAMD
[    0.000000]   Centaur CentaurHauls
[    0.000000] x86/fpu: xstate_offset[2]:  576, xstate_sizes[2]:  256
[    0.000000] x86/fpu: Supporting XSAVE feature 0x01: 'x87 floating point registers'
[    0.000000] x86/fpu: Supporting XSAVE feature 0x02: 'SSE registers'
[    0.000000] x86/fpu: Supporting XSAVE feature 0x04: 'AVX registers'
[    0.000000] x86/fpu: Enabled xstate features 0x7, context size is 832 bytes, using 'standard' format.
[    0.000000] e820: BIOS-provided physical RAM map:
[    0.000000] BIOS-e820: [mem 0x0000000000000000-0x000000000009fbff] usable
[    0.000000] BIOS-e820: [mem 0x000000000009fc00-0x000000000009ffff] reserved
[    0.000000] BIOS-e820: [mem 0x00000000000f0000-0x00000000000fffff] reserved
[    0.000000] BIOS-e820: [mem 0x0000000000100000-0x000000003ffeffff] usable
[    0.000000] BIOS-e820: [mem 0x000000003fff0000-0x000000003fffffff] ACPI data
[    0.000000] BIOS-e820: [mem 0x00000000fec00000-0x00000000fec00fff] reserved
[    0.000000] BIOS-e820: [mem 0x00000000fee00000-0x00000000fee00fff] reserved
[    0.000000] BIOS-e820: [mem 0x00000000fffc0000-0x00000000ffffffff] reserved
[    0.000000] NX (Execute Disable) protection: active
[    0.000000] SMBIOS 2.5 present.
[    0.000000] Hypervisor detected: KVM
[    0.000000] Kernel/User page tables isolation: disabled
[    0.000000] e820: last_pfn = 0x3fff0 max_arch_pfn = 0x400000000
[    0.000000] MTRR: Disabled
[    0.000000] x86/PAT: MTRRs disabled, skipping PAT initialization too.
[    0.000000] CPU MTRRs all blank - virtualized system.
[    0.000000] x86/PAT: Configuration [0-7]: WB  WT  UC- UC  WB  WT  UC- UC  
[    0.000000] found SMP MP-table at [mem 0x0009fff0-0x0009ffff] mapped at [ffff88000009fff0]
[    0.000000] Scanning 1 areas for low memory corruption
[    0.000000] RAMDISK: [mem 0x362dc000-0x37165fff]
[    0.000000] ACPI: Early table checksum verification disabled
[    0.000000] ACPI: RSDP 0x00000000000E0000 000024 (v02 VBOX  )
[    0.000000] ACPI: XSDT 0x000000003FFF0030 00003C (v01 VBOX   VBOXXSDT 00000001 ASL  00000061)
[    0.000000] ACPI: FACP 0x000000003FFF00F0 0000F4 (v04 VBOX   VBOXFACP 00000001 ASL  00000061)
[    0.000000] ACPI: DSDT 0x000000003FFF0470 002325 (v02 VBOX   VBOXBIOS 00000002 INTL 20100528)
[    0.000000] ACPI: FACS 0x000000003FFF0200 000040
[    0.000000] ACPI: FACS 0x000000003FFF0200 000040
[    0.000000] ACPI: APIC 0x000000003FFF0240 00005C (v02 VBOX   VBOXAPIC 00000001 ASL  00000061)
[    0.000000] ACPI: SSDT 0x000000003FFF02A0 0001CC (v01 VBOX   VBOXCPUT 00000002 INTL 20100528)
[    0.000000] No NUMA configuration found
[    0.000000] Faking a node at [mem 0x0000000000000000-0x000000003ffeffff]
[    0.000000] NODE_DATA(0) allocated [mem 0x3ffeb000-0x3ffeffff]
[    0.000000] kvm-clock: Using msrs 4b564d01 and 4b564d00
[    0.000000] kvm-clock: cpu 0, msr 0:3ffe3001, primary cpu clock
[    0.000000] kvm-clock: using sched offset of 4780566431 cycles
[    0.000000] clocksource: kvm-clock: mask: 0xffffffffffffffff max_cycles: 0x1cd42e4dffb, max_idle_ns: 881590591483 ns
[    0.000000] Zone ranges:
[    0.000000]   DMA      [mem 0x0000000000001000-0x0000000000ffffff]
[    0.000000]   DMA32    [mem 0x0000000001000000-0x000000003ffeffff]
[    0.000000]   Normal   empty
[    0.000000]   Device   empty
[    0.000000] Movable zone start for each node
[    0.000000] Early memory node ranges
[    0.000000]   node   0: [mem 0x0000000000001000-0x000000000009efff]
[    0.000000]   node   0: [mem 0x0000000000100000-0x000000003ffeffff]
[    0.000000] Initmem setup node 0 [mem 0x0000000000001000-0x000000003ffeffff]
[    0.000000] ACPI: PM-Timer IO Port: 0x4008
[    0.000000] IOAPIC[0]: apic_id 2, version 32, address 0xfec00000, GSI 0-23
[    0.000000] ACPI: INT_SRC_OVR (bus 0 bus_irq 0 global_irq 2 dfl dfl)
[    0.000000] ACPI: INT_SRC_OVR (bus 0 bus_irq 9 global_irq 9 low level)
[    0.000000] Using ACPI (MADT) for SMP configuration information
[    0.000000] smpboot: Allowing 2 CPUs, 0 hotplug CPUs
[    0.000000] PM: Registered nosave memory: [mem 0x00000000-0x00000fff]
[    0.000000] PM: Registered nosave memory: [mem 0x0009f000-0x0009ffff]
[    0.000000] PM: Registered nosave memory: [mem 0x000a0000-0x000effff]
[    0.000000] PM: Registered nosave memory: [mem 0x000f0000-0x000fffff]
[    0.000000] e820: [mem 0x40000000-0xfebfffff] available for PCI devices
[    0.000000] Booting paravirtualized kernel on KVM
[    0.000000] clocksource: refined-jiffies: mask: 0xffffffff max_cycles: 0xffffffff, max_idle_ns: 7645519600211568 ns
[    0.000000] setup_percpu: NR_CPUS:512 nr_cpumask_bits:512 nr_cpu_ids:2 nr_node_ids:1
[    0.000000] PERCPU: Embedded 33 pages/cpu @ffff88003fc00000 s95192 r8192 d31784 u1048576
[    0.000000] Built 1 zonelists in Node order, mobility grouping on.  Total pages: 257912
[    0.000000] Policy zone: DMA32
[    0.000000] Kernel command line: BOOT_IMAGE=/boot/vmlinuz-4.4.0-210-generic root=LABEL=cloudimg-rootfs ro console=tty1 console=ttyS0
[    0.000000] PID hash table entries: 4096 (order: 3, 32768 bytes)
[    0.000000] Memory: 997792K/1048120K available (8644K kernel code, 1332K rwdata, 4044K rodata, 1492K init, 1164K bss, 50328K reserved, 0K cma-reserved)
[    0.000000] SLUB: HWalign=64, Order=0-3, MinObjects=0, CPUs=2, Nodes=1
[    0.000000] Hierarchical RCU implementation.
[    0.000000] 	Build-time adjustment of leaf fanout to 64.
[    0.000000] 	RCU restricting CPUs from NR_CPUS=512 to nr_cpu_ids=2.
[    0.000000] RCU: Adjusting geometry for rcu_fanout_leaf=64, nr_cpu_ids=2
[    0.000000] NR_IRQS:33024 nr_irqs:440 16
[    0.000000] Console: colour VGA+ 80x25
[    0.000000] console [tty1] enabled
[    0.000000] console [ttyS0] enabled
[    0.000000] tsc: Detected 2419.204 MHz processor
[    0.469768] Calibrating delay loop (skipped) preset value.. 4838.40 BogoMIPS (lpj=9676816)
[    0.475973] pid_max: default: 32768 minimum: 301
[    0.479933] ACPI: Core revision 20150930
[    0.486902] ACPI: 2 ACPI AML tables successfully acquired and loaded
[    0.491831] Security Framework initialized
[    0.494977] Yama: becoming mindful.
[    0.497969] AppArmor: AppArmor initialized
[    0.501529] Dentry cache hash table entries: 131072 (order: 8, 1048576 bytes)
[    0.507051] Inode-cache hash table entries: 65536 (order: 7, 524288 bytes)
[    0.523924] Mount-cache hash table entries: 2048 (order: 2, 16384 bytes)
[    0.527589] Mountpoint-cache hash table entries: 2048 (order: 2, 16384 bytes)
[    0.533144] Initializing cgroup subsys io
[    0.536517] Initializing cgroup subsys memory
[    0.539294] Initializing cgroup subsys devices
[    0.543830] Initializing cgroup subsys freezer
[    0.546203] Initializing cgroup subsys net_cls
[    0.549451] Initializing cgroup subsys perf_event
[    0.553032] Initializing cgroup subsys net_prio
[    0.556512] Initializing cgroup subsys hugetlb
[    0.559896] Initializing cgroup subsys pids
[    0.569453] mce: CPU supports 0 MCE banks
[    0.572186] Last level iTLB entries: 4KB 0, 2MB 0, 4MB 0
[    0.576277] Last level dTLB entries: 4KB 0, 2MB 0, 4MB 0, 1GB 0
[    0.579999] Spectre V1 : Mitigation: usercopy/swapgs barriers and __user pointer sanitization
[    0.586831] Spectre V2 : Mitigation: Full generic retpoline
[    0.591366] Spectre V2 : Spectre v2 / SpectreRSB mitigation: Filling RSB on context switch
[    0.597804] Speculative Store Bypass: Vulnerable
[    0.613670] Freeing SMP alternatives memory: 36K
[    0.645388] ftrace: allocating 32380 entries in 127 pages
[    0.903397] smpboot: APIC(0) Converting physical 0 to logical package 0
[    0.907159] smpboot: Max logical packages: 1
[    0.912161] x2apic enabled
[    0.915679] Switched APIC routing to physical x2apic.
[    0.923930] ..TIMER: vector=0x30 apic1=0 pin1=2 apic2=-1 pin2=-1
[    1.036657] smpboot: CPU0: 11th Gen Intel(R) Core(TM) i5-1135G7 @ 2.40GHz (family: 0x6, model: 0x8c, stepping: 0x1)
[    1.042356] Performance Events: unsupported p6 CPU model 140 no PMU driver, software events only.
[    1.085676] KVM setup paravirtual spinlock
[    1.091738] x86: Booting SMP configuration:
[    1.099328] .... node  #0, CPUs:      #1
[    1.103024] kvm-clock: cpu 1, msr 0:3ffe3041, secondary cpu clock
[    1.112042] mce: CPU supports 0 MCE banks
[    1.116522] x86: Booted up 1 node, 2 CPUs
[    1.119298] smpboot: Total of 2 processors activated (9676.81 BogoMIPS)
[    1.123674] devtmpfs: initialized
[    1.127453] evm: security.selinux
[    1.129948] evm: security.SMACK64
[    1.133115] evm: security.SMACK64EXEC
[    1.134576] evm: security.SMACK64TRANSMUTE
[    1.138806] evm: security.SMACK64MMAP
[    1.142080] evm: security.ima
[    1.144771] evm: security.capability
[    1.148275] clocksource: jiffies: mask: 0xffffffff max_cycles: 0xffffffff, max_idle_ns: 7645041785100000 ns
[    1.154603] futex hash table entries: 512 (order: 3, 32768 bytes)
[    1.158377] pinctrl core: initialized pinctrl subsystem
[    1.160075] RTC time: 14:40:00, date: 03/30/22
[    1.174100] NET: Registered protocol family 16
[    1.191383] cpuidle: using governor ladder
[    1.204451] cpuidle: using governor menu
[    1.207380] PCCT header not found.
[    1.210555] ACPI: bus type PCI registered
[    1.213871] acpiphp: ACPI Hot Plug PCI Controller Driver version: 0.5
[    1.218831] PCI: Using configuration type 1 for base access
[    1.240851] ACPI: Added _OSI(Module Device)
[    1.243867] ACPI: Added _OSI(Processor Device)
[    1.247386] ACPI: Added _OSI(3.0 _SCP Extensions)
[    1.250939] ACPI: Added _OSI(Processor Aggregator Device)
[    1.257600] ACPI: Executed 1 blocks of module-level executable AML code
[    1.272795] ACPI: Interpreter enabled
[    1.275845] ACPI: (supports S0 S5)
[    1.279053] ACPI: Using IOAPIC for interrupt routing
[    1.284077] PCI: Using host bridge windows from ACPI; if necessary, use "pci=nocrs" and report a bug
[    1.302048] ACPI: PCI Root Bridge [PCI0] (domain 0000 [bus 00-ff])
[    1.305598] acpi PNP0A03:00: _OSC: OS supports [ASPM ClockPM Segments MSI]
[    1.310072] acpi PNP0A03:00: _OSC: not requesting OS control; OS requires [ExtendedConfig ASPM ClockPM MSI]
[    1.315432] acpi PNP0A03:00: fail to add MMCONFIG information, can't access extended PCI configuration space under this bridge.
[    1.324008] PCI host bridge to bus 0000:00
[    1.326288] pci_bus 0000:00: root bus resource [io  0x0000-0x0cf7 window]
[    1.329728] pci_bus 0000:00: root bus resource [io  0x0d00-0xffff window]
[    1.333742] pci_bus 0000:00: root bus resource [mem 0x000a0000-0x000bffff window]
[    1.339080] pci_bus 0000:00: root bus resource [mem 0x40000000-0xfdffffff window]
[    1.345307] pci_bus 0000:00: root bus resource [bus 00-ff]
[    1.356188] pci 0000:00:01.1: legacy IDE quirk: reg 0x10: [io  0x01f0-0x01f7]
[    1.361390] pci 0000:00:01.1: legacy IDE quirk: reg 0x14: [io  0x03f6]
[    1.366086] pci 0000:00:01.1: legacy IDE quirk: reg 0x18: [io  0x0170-0x0177]
[    1.370815] pci 0000:00:01.1: legacy IDE quirk: reg 0x1c: [io  0x0376]
[    1.402472] pci 0000:00:07.0: quirk: [io  0x4000-0x403f] claimed by PIIX4 ACPI
[    1.435985] pci 0000:00:07.0: quirk: [io  0x4100-0x410f] claimed by PIIX4 SMB
[    1.458564] ACPI: PCI Interrupt Link [LNKA] (IRQs 5 9 10 *11)
[    1.463714] ACPI: PCI Interrupt Link [LNKB] (IRQs 5 9 *10 11)
[    1.468244] ACPI: PCI Interrupt Link [LNKC] (IRQs 5 *9 10 11)
[    1.472604] ACPI: PCI Interrupt Link [LNKD] (IRQs 5 9 10 *11)
[    1.477726] ACPI: Enabled 2 GPEs in block 00 to 07
[    1.482903] vgaarb: setting as boot device: PCI:0000:00:02.0
[    1.485649] vgaarb: device added: PCI:0000:00:02.0,decodes=io+mem,owns=io+mem,locks=none
[    1.490366] vgaarb: loaded
[    1.491885] vgaarb: bridge control possible 0000:00:02.0
[    1.496717] SCSI subsystem initialized
[    1.499147] ACPI: bus type USB registered
[    1.502269] usbcore: registered new interface driver usbfs
[    1.506856] usbcore: registered new interface driver hub
[    1.511449] usbcore: registered new device driver usb
[    1.515200] PCI: Using ACPI for IRQ routing
[    1.519791] NetLabel: Initializing
[    1.522642] NetLabel:  domain hash size = 128
[    1.526180] NetLabel:  protocols = UNLABELED CIPSOv4
[    1.530184] NetLabel:  unlabeled traffic allowed by default
[    1.534959] amd_nb: Cannot enumerate AMD northbridges
[    1.539339] clocksource: Switched to clocksource kvm-clock
[    1.591638] AppArmor: AppArmor Filesystem Enabled
[    1.595306] pnp: PnP ACPI init
[    1.601346] pnp: PnP ACPI: found 3 devices
[    1.620750] clocksource: acpi_pm: mask: 0xffffff max_cycles: 0xffffff, max_idle_ns: 2085701024 ns
[    1.627647] NET: Registered protocol family 2
[    1.630307] TCP established hash table entries: 8192 (order: 4, 65536 bytes)
[    1.634130] TCP bind hash table entries: 8192 (order: 5, 131072 bytes)
[    1.637672] TCP: Hash tables configured (established 8192 bind 8192)
[    1.641413] UDP hash table entries: 512 (order: 2, 16384 bytes)
[    1.644555] UDP-Lite hash table entries: 512 (order: 2, 16384 bytes)
[    1.647573] NET: Registered protocol family 1
[    1.650322] pci 0000:00:00.0: Limiting direct PCI/PCI transfers
[    1.653478] pci 0000:00:01.0: Activating ISA DMA hang workarounds
[    1.666909] Unpacking initramfs...
[    2.565519] Freeing initrd memory: 14888K
[    2.568645] clocksource: tsc: mask: 0xffffffffffffffff max_cycles: 0x22df14d9973, max_idle_ns: 440795285767 ns
[    2.575176] platform rtc_cmos: registered platform RTC device (no PNP device found)
[    2.581342] Scanning for low memory corruption every 60 seconds
[    2.586148] audit: initializing netlink subsys (disabled)
[    2.589417] audit: type=2000 audit(1648651208.345:1): initialized
[    2.593555] Initialise system trusted keyring
[    2.597679] HugeTLB registered 2 MB page size, pre-allocated 0 pages
[    2.605095] zbud: loaded
[    2.608535] VFS: Disk quotas dquot_6.6.0
[    2.610987] VFS: Dquot-cache hash table entries: 512 (order 0, 4096 bytes)
[    2.616071] squashfs: version 4.0 (2009/01/31) Phillip Lougher
[    2.620191] fuse init (API version 7.23)
[    2.623149] Key type big_key registered
[    2.626448] Allocating IMA MOK and blacklist keyrings.
[    2.643563] Key type asymmetric registered
[    2.646235] Asymmetric key parser 'x509' registered
[    2.649315] Block layer SCSI generic (bsg) driver version 0.4 loaded (major 249)
[    2.655221] io scheduler noop registered
[    2.657679] io scheduler deadline registered (default)
[    2.662222] io scheduler cfq registered
[    2.666331] pci_hotplug: PCI Hot Plug PCI Core version: 0.5
[    2.671276] pciehp: PCI Express Hot Plug Controller Driver version: 0.4
[    2.675664] ACPI: AC Adapter [AC] (off-line)
[    2.678582] input: Power Button as /devices/LNXSYSTM:00/LNXPWRBN:00/input/input0
[    2.683640] ACPI: Power Button [PWRF]
[    2.687091] input: Sleep Button as /devices/LNXSYSTM:00/LNXSLPBN:00/input/input1
[    2.692316] ACPI: Sleep Button [SLPF]
[    2.697641] ACPI: Battery Slot [BAT0] (battery present)
[    2.701749] GHES: HEST is not enabled!
[    2.705248] Serial: 8250/16550 driver, 32 ports, IRQ sharing enabled
[    2.731997] 00:02: ttyS0 at I/O 0x3f8 (irq = 4, base_baud = 115200) is a 16550A
[    2.748704] Linux agpgart interface v0.103
[    2.758165] loop: module loaded
[    2.762887] scsi host0: ata_piix
[    2.766600] scsi host1: ata_piix
[    2.769373] ata1: PATA max UDMA/33 cmd 0x1f0 ctl 0x3f6 bmdma 0xd000 irq 14
[    2.774568] ata2: PATA max UDMA/33 cmd 0x170 ctl 0x376 bmdma 0xd008 irq 15
[    2.779498] libphy: Fixed MDIO Bus: probed
[    2.783041] tun: Universal TUN/TAP device driver, 1.6
[    2.786836] tun: (C) 1999-2004 Max Krasnyansky <maxk@qualcomm.com>
[    2.790676] PPP generic driver version 2.4.2
[    2.793886] ehci_hcd: USB 2.0 'Enhanced' Host Controller (EHCI) Driver
[    2.797396] ehci-pci: EHCI PCI platform driver
[    2.800005] ehci-platform: EHCI generic platform driver
[    2.802875] ohci_hcd: USB 1.1 'Open' Host Controller (OHCI) Driver
[    2.806138] ohci-pci: OHCI PCI platform driver
[    2.808808] ohci-platform: OHCI generic platform driver
[    2.812108] uhci_hcd: USB Universal Host Controller Interface driver
[    2.815712] i8042: PNP: PS/2 Controller [PNP0303:PS2K,PNP0f03:PS2M] at 0x60,0x64 irq 1,12
[    2.821536] serio: i8042 KBD port at 0x60,0x64 irq 1
[    2.824213] serio: i8042 AUX port at 0x60,0x64 irq 12
[    2.827724] mousedev: PS/2 mouse device common for all mice
[    2.831930] input: AT Translated Set 2 keyboard as /devices/platform/i8042/serio0/input/input2
[    2.837210] rtc_cmos rtc_cmos: rtc core: registered rtc_cmos as rtc0
[    2.842336] rtc_cmos rtc_cmos: alarms up to one day, 114 bytes nvram
[    2.846507] i2c /dev entries driver
[    2.849652] device-mapper: uevent: version 1.0.3
[    2.852411] device-mapper: ioctl: 4.34.0-ioctl (2015-10-28) initialised: dm-devel@redhat.com
[    2.855674] ledtrig-cpu: registered to indicate activity on CPUs
[    2.859924] NET: Registered protocol family 10
[    2.863754] NET: Registered protocol family 17
[    2.866193] Key type dns_resolver registered
[    2.869107] registered taskstats version 1
[    2.871703] Loading compiled-in X.509 certificates
[    2.875772] Loaded X.509 cert 'Build time autogenerated kernel key: cf00e047681d67edb2720680708b7d9498083038'
[    2.881311] zswap: loaded using pool lzo/zbud
[    2.889472] Key type trusted registered
[    2.903655] Key type encrypted registered
[    2.906357] AppArmor: AppArmor sha1 policy hashing enabled
[    2.910093] ima: No TPM chip found, activating TPM-bypass!
[    2.914084] ima: Allocated hash algorithm: sha1
[    2.918479] evm: HMAC attrs: 0x1
[    2.922324]   Magic number: 14:852:688
[    2.925359] rtc_cmos rtc_cmos: setting system clock to 2022-03-30 14:40:02 UTC (1648651202)
[    2.931987] BIOS EDD facility v0.16 2004-Jun-25, 0 devices found
[    2.937089] EDD information not available.
[    2.973662] Freeing unused kernel memory: 1492K
[    2.976157] Write protecting the kernel read-only data: 14336k
[    2.981653] Freeing unused kernel memory: 1584K
[    2.984790] Freeing unused kernel memory: 52K
Loading, please wait...
starting version 229
[    3.022755] random: systemd-udevd: uninitialized urandom read (16 bytes read, 5 bits of entropy available)
[    3.025180] random: udevadm: uninitialized urandom read (16 bytes read, 5 bits of entropy available)
[    3.025224] random: udevadm: uninitialized urandom read (16 bytes read, 5 bits of entropy available)
[    3.044273] random: systemd-udevd: uninitialized urandom read (16 bytes read, 5 bits of entropy available)
[    3.046528] random: udevadm: uninitialized urandom read (16 bytes read, 5 bits of entropy available)
[    3.046592] random: udevadm: uninitialized urandom read (16 bytes read, 5 bits of entropy available)
[    3.046742] random: udevadm: uninitialized urandom read (16 bytes read, 5 bits of entropy available)
[    3.046793] random: udevadm: uninitialized urandom read (16 bytes read, 5 bits of entropy available)
[    3.046854] random: udevadm: uninitialized urandom read (16 bytes read, 5 bits of entropy available)
[    3.046894] random: udevadm: uninitialized urandom read (16 bytes read, 5 bits of entropy available)
[    3.163182] e1000: Intel(R) PRO/1000 Network Driver - version 7.3.21-k8-NAPI
[    3.166926] e1000: Copyright (c) 1999-2006 Intel Corporation.
[    3.176288] Fusion MPT base driver 3.04.20
[    3.180130] Copyright (c) 1999-2008 LSI Corporation
[    3.202761] Fusion MPT SPI Host driver 3.04.20
[    3.274649] AVX2 version of gcm_enc/dec engaged.
[    3.278526] AES CTR mode by8 optimization enabled
[    3.459602] input: ImExPS/2 Generic Explorer Mouse as /devices/platform/i8042/serio1/input/input4
[    3.928165] e1000 0000:00:03.0 eth0: (PCI:33MHz:32-bit) 02:be:82:6b:cc:1d
[    3.931199] e1000 0000:00:03.0 eth0: Intel(R) PRO/1000 Network Connection
[    5.216464] e1000 0000:00:08.0 eth1: (PCI:33MHz:32-bit) 08:00:27:53:2b:32
[    5.220946] e1000 0000:00:08.0 eth1: Intel(R) PRO/1000 Network Connection
[    5.228346] mptbase: ioc0: Initiating bringup
[    5.229424] e1000 0000:00:08.0 enp0s8: renamed from eth1
[    5.246614] e1000 0000:00:03.0 enp0s3: renamed from eth0
[    5.303788] ioc0: LSI53C1030 A0: Capabilities={Initiator}
[    5.469476] scsi host2: ioc0: LSI53C1030 A0, FwRev=00000000h, Ports=1, MaxQ=256, IRQ=20
[    5.588791] scsi 2:0:0:0: Direct-Access     VBOX     HARDDISK         1.0  PQ: 0 ANSI: 5
[    5.594619] scsi target2:0:0: Beginning Domain Validation
[    5.602094] scsi target2:0:0: Domain Validation skipping write tests
[    5.606537] scsi target2:0:0: Ending Domain Validation
[    5.610232] scsi target2:0:0: asynchronous
[    5.614769] scsi 2:0:1:0: Direct-Access     VBOX     HARDDISK         1.0  PQ: 0 ANSI: 5
[    5.620218] scsi target2:0:1: Beginning Domain Validation
[    5.627897] scsi target2:0:1: Domain Validation skipping write tests
[    5.668931] scsi target2:0:1: Ending Domain Validation
[    5.672496] scsi target2:0:1: asynchronous
[    5.693240] sd 2:0:0:0: [sda] 83886080 512-byte logical blocks: (42.9 GB/40.0 GiB)
[    5.693902] sd 2:0:0:0: Attached scsi generic sg0 type 0
[    5.703569] sd 2:0:0:0: [sda] Write Protect is off
[    5.704992] sd 2:0:1:0: [sdb] 20480 512-byte logical blocks: (10.5 MB/10.0 MiB)
[    5.705385] sd 2:0:1:0: [sdb] Write Protect is off
[    5.705687] sd 2:0:1:0: [sdb] Incomplete mode parameter data
[    5.705694] sd 2:0:1:0: [sdb] Assuming drive cache: write through
[    5.724168] sd 2:0:1:0: Attached scsi generic sg1 type 0
[    5.727080] sd 2:0:0:0: [sda] Incomplete mode parameter data
[    5.730935] sd 2:0:0:0: [sda] Assuming drive cache: write through
[    5.733513] sd 2:0:1:0: [sdb] Attached SCSI disk
[    5.742648]  sda: sda1
[    5.746091] sd 2:0:0:0: [sda] Attached SCSI disk
Begin: Loading essential drivers ... [    7.696604] md: linear personality registered for level -1
[    7.706444] md: multipath personality registered for level -4
[    7.716009] md: raid0 personality registered for level 0
[    7.730157] md: raid1 personality registered for level 1
[    7.811468] raid6: sse2x1   gen()  3115 MB/s
[    7.879474] raid6: sse2x1   xor()  2515 MB/s
[    7.947474] raid6: sse2x2   gen()  4593 MB/s
[    8.015453] raid6: sse2x2   xor()  3417 MB/s
[    8.083465] raid6: sse2x4   gen()  5236 MB/s
[    8.151454] raid6: sse2x4   xor()  3403 MB/s
[    8.219461] raid6: avx2x1   gen()  6544 MB/s
[    8.287392] raid6: avx2x2   gen()  9059 MB/s
[    8.355469] raid6: avx2x4   gen()  8664 MB/s
[    8.358113] raid6: using algorithm avx2x2 gen() 9059 MB/s
[    8.361180] raid6: using avx2x2 recovery algorithm
[    8.367767] xor: automatically using best checksumming function:
[    8.411596]    avx       :  6267.000 MB/sec
[    8.417915] async_tx: api initialized (async)
[    8.447512] md: raid6 personality registered for level 6
[    8.450758] md: raid5 personality registered for level 5
[    8.453783] md: raid4 personality registered for level 4
[    8.472286] md: raid10 personality registered for level 10
done.
Begin: Running /scripts/init-premount ... done.
Begin: Mounting root file system ... Begin: Running /scripts/local-top ... done.
Begin: Running /scripts/local-premount ... [    8.559908] Btrfs loaded
Scanning for Btrfs filesystems
done.
Warning: fsck not present, so skipping root file system
[    8.613673] EXT4-fs (sda1): mounted filesystem with ordered data mode. Opts: (null)
done.
Begin: Running /scripts/local-bottom ... done.
Begin: Running /scripts/init-bottom ... done.
[    8.773529] systemd[1]: systemd 229 running in system mode. (+PAM +AUDIT +SELINUX +IMA +APPARMOR +SMACK +SYSVINIT +UTMP +LIBCRYPTSETUP +GCRYPT +GNUTLS +ACL +XZ -LZ4 +SECCOMP +BLKID +ELFUTILS +KMOD -IDN)
[    8.785143] systemd[1]: Detected virtualization oracle.
[    8.789275] systemd[1]: Detected architecture x86-64.

Welcome to [1mUbuntu 16.04.7 LTS[0m!

[    8.794736] systemd[1]: Set hostname to <ubuntu>.
[    8.799372] systemd[1]: Initializing machine ID from random generator.
[    8.802782] systemd[1]: Installed transient /etc/machine-id file.
[    9.032801] systemd[1]: Created slice System Slice.
[[0;32m  OK  [0m] Created slice System Slice.
[    9.039149] systemd[1]: Reached target User and Group Name Lookups.
[[0;32m  OK  [0m] Reached target User and Group Name Lookups.
[    9.186586] systemd[1]: Created slice system-serial\x2dgetty.slice.
[[0;32m  OK  [0m] Created slice system-serial\x2dgetty.slice.
[    9.210621] systemd[1]: Listening on LVM2 metadata daemon socket.
[[0;32m  OK  [0m] Listening on LVM2 metadata daemon socket.
[    9.216086] systemd[1]: Listening on Syslog Socket.
[[0;32m  OK  [0m] Listening on Syslog Socket.
[    9.221498] systemd[1]: Listening on /dev/initctl Compatibility Named Pipe.
[[0;32m  OK  [0m] Listening on /dev/initctl Compatibility Named Pipe.
[    9.229619] systemd[1]: Listening on udev Control Socket.
[[0;32m  OK  [0m] Listening on udev Control Socket.
[    9.235184] systemd[1]: Set up automount Arbitrary Executable File Formats File System Automount Point.
[[0;32m  OK  [0m] Set up automount Arbitrary Executab...ats File System Automount Point.
[    9.243518] systemd[1]: Listening on Journal Socket.
[[0;32m  OK  [0m] Listening on Journal Socket.
[    9.267893] systemd[1]: Starting Load Kernel Modules...
         Starting Load Kernel Modules...
[    9.275223] systemd[1]: Starting Create list of required static device nodes for the current kernel...
         Starting Create list of required st... nodes for the current kernel...
[    9.288400] systemd[1]: Starting Uncomplicated firewall...
         Starting Uncomplicated firewall...
[    9.298685] systemd[1]: Listening on Journal Socket (/dev/log).
[[0;32m  OK  [0m] Listening on Journal Socket (/dev/log).
[    9.306046] systemd[1]: Listening on udev Kernel Socket.
[    9.306059] Loading iSCSI transport class v2.0-870.
[[0;32m  OK  [0m] Listening on udev Kernel Socket.
[    9.316530] systemd[1]: Listening on fsck to fsckd communication Socket.
[[0;32m  OK  [0m] Listening on fsck to fsckd communication Socket.
[    9.334581] iscsi: registered transport (tcp)
[    9.354572] systemd[1]: Starting File System Check on Root Device...
         Starting File System Check on Root Device...
[    9.362422] systemd[1]: Mounting Debug File System...
         Mounting Debug File System...
[    9.372576] systemd[1]: Mounting Huge Pages File System...
         Mounting Huge Pages File System...
[    9.380168] systemd[1]: Reached target Swap.
[[0;32m  OK  [0m] Reached target Swap.
[    9.385691] systemd[1]: Listening on LVM2 poll daemon socket.
[[0;32m  OK  [0m] Listening on LVM2 poll daemon socket.
[    9.390612] systemd[1]: Started Trigger resolvconf update for networkd DNS.
[[0;32m  OK  [0m] Started Trigger resolvconf update for networkd DNS.
[    9.403847] systemd[1]: Listening on Journal Audit Socket.
[[0;32m  OK  [0m] Listening on Journal Audit Socket.
[    9.428006] systemd[1]: Starting Journal Service...
         Starting Journal Service...
[    9.434789] systemd[1]: Reached target Encrypted Volumes.
[[0;32m  OK  [0m] Reached target Encrypted Volumes.
[    9.465864] iscsi: registered transport (iser)
[    9.466029] systemd[1]: Starting Set console keymap...
         Starting Set console keymap...
[    9.476276] systemd[1]: Reached target System Time Synchronized.
[    9.478871] random: nonblocking pool is initialized
[[0;32m  OK  [0m] Reached target System Time Synchronized.
[    9.489122] systemd[1]: Created slice User and Session Slice.
[[0;32m  OK  [0m] Created slice User and Session Slice.
[    9.507284] systemd[1]: Reached target Slices.
[[0;32m  OK  [0m] Reached target Slices.
[    9.515967] systemd[1]: Listening on Device-mapper event daemon FIFOs.
[[0;32m  OK  [0m] Listening on Device-mapper event daemon FIFOs.
[    9.548128] systemd[1]: Starting Monitoring of LVM2 mirrors, snapshots etc. using dmeventd or progress polling...
         Starting Monitoring of LVM2 mirrors... dmeventd or progress polling...
[    9.565491] systemd[1]: Starting Nameserver information manager...
         Starting Nameserver information manager...
[    9.574708] systemd[1]: Started Forward Password Requests to Wall Directory Watch.
[[0;32m  OK  [0m] Started Forward Password Requests to Wall Directory Watch.
[    9.589518] systemd[1]: Mounting POSIX Message Queue File System...
         Mounting POSIX Message Queue File System...
[    9.603120] systemd[1]: Mounted Huge Pages File System.
[[0;32m  OK  [0m] Mounted Huge Pages File System.
[    9.618240] systemd[1]: Mounted POSIX Message Queue File System.
[[0;32m  OK  [0m] Mounted POSIX Message Queue File System.
[    9.625429] systemd[1]: Mounted Debug File System.
[[0;32m  OK  [0m] Mounted Debug File System.
[    9.630357] systemd[1]: Started Journal Service.
[[0;32m  OK  [0m] Started Journal Service.
[[0;32m  OK  [0m] Started Load Kernel Modules.
[[0;32m  OK  [0m] Started Create list of required sta...ce nodes for the current kernel.
[[0;32m  OK  [0m] Started Uncomplicated firewall.
[[0;32m  OK  [0m] Started File System Check on Root Device.
[[0;32m  OK  [0m] Started Set console keymap.
[[0;32m  OK  [0m] Started LVM2 metadata daemon.
[[0;32m  OK  [0m] Started File System Check Daemon to report status.
         Starting Remount Root and Kernel File Systems...
         Starting Create Static Device Nodes in /dev...
         Starting Apply Kernel Variables...
         Mounting FUSE Control File System...
[[0;32m  OK  [0m] Started Nameserver information manager.
[    9.734436] EXT4-fs (sda1): re-mounted. Opts: (null)
[[0;32m  OK  [0m] Mounted FUSE Control File System.
[[0;32m  OK  [0m] Started Apply Kernel Variables.
[[0;32m  OK  [0m] Started Remount Root and Kernel File Systems.
         Starting Flush Journal to Persistent Storage...
         Starting udev Coldplug all Devices...
         Starting Load/Save Random Seed...
[[0;32m  OK  [0m] Started Create Static Device Nodes in /dev.
         Starting udev Kernel Device Manager...
[[0;32m  OK  [0m] Started Flush Journal to Persistent Storage.
[[0;32m  OK  [0m] Started Load/Save Random Seed.
[[0;32m  OK  [0m] Started udev Kernel Device Manager.
[[0;32m  OK  [0m] Started udev Coldplug all Devices.
[[0;32m  OK  [0m] Started Dispatch Password Requests to Console Directory Watch.
[[0;32m  OK  [0m] Started Monitoring of LVM2 mirrors,...ng dmeventd or progress polling.
[[0;32m  OK  [0m] Reached target Local File Systems (Pre).
[[0;32m  OK  [0m] Reached target Local File Systems.
         Starting Set console font and keymap...
         Starting Tell Plymouth To Write Out Runtime Data...
         Starting Initial cloud-init job (pre-networking)...
         Starting Commit a transient machine-id on disk...
         Starting Create Volatile Files and Directories...
         Starting LSB: AppArmor initialization...
[[0;32m  OK  [0m] Started Tell Plymouth To Write Out Runtime Data.
[[0;32m  OK  [0m] Started Commit a transient machine-id on disk.
[[0;32m  OK  [0m] Started Create Volatile Files and Directories.
         Starting Update UTMP about System Boot/Shutdown...
[[0;32m  OK  [0m] Started Update UTMP about System Boot/Shutdown.
[[0;32m  OK  [0m] Found device /dev/ttyS0.
[[0;32m  OK  [0m] Listening on Load/Save RF Kill Switch Status /dev/rfkill Watch.
[   12.925059] cloud-init[509]: Cloud-init v. 21.1-19-gbad84ad4-0ubuntu1~16.04.2 running 'init-local' at Wed, 30 Mar 2022 14:40:12 +0000. Up 11.91 seconds.
[[0;32m  OK  [0m] Started LSB: AppArmor initialization.
[[0;32m  OK  [0m] Started Initial cloud-init job (pre-networking).
[[0;32m  OK  [0m] Reached target Network (Pre).
         Starting Raise network interfaces...
         Starting Load AppArmor profiles managed internally by snapd...
[[0;32m  OK  [0m] Started Load AppArmor profiles managed internally by snapd.
[[0;32m  OK  [0m] Started Set console font and keymap.
[[0;32m  OK  [0m] Created slice system-getty.slice.
[[0;32m  OK  [0m] Started Raise network interfaces.
[[0;32m  OK  [0m] Reached target Network.
         Starting Initial cloud-init job (metadata service crawler)...
[   16.459378] cloud-init[969]: Cloud-init v. 21.1-19-gbad84ad4-0ubuntu1~16.04.2 running 'init' at Wed, 30 Mar 2022 14:40:15 +0000. Up 15.11 seconds.
[   16.463483] cloud-init[969]: ci-info: ++++++++++++++++++++++++++++++++++++++Net device info+++++++++++++++++++++++++++++++++++++++
[   16.468208] cloud-init[969]: ci-info: +--------+-------+----------------------------+---------------+--------+-------------------+
[   16.471591] cloud-init[969]: ci-info: | Device |   Up  |          Address           |      Mask     | Scope  |     Hw-Address    |
[   16.474691] cloud-init[969]: ci-info: +--------+-------+----------------------------+---------------+--------+-------------------+
[   16.480000] cloud-init[969]: ci-info: | enp0s3 |  True |         10.0.2.15          | 255.255.255.0 | global | 02:be:82:6b:cc:1d |
[   16.484948] cloud-init[969]: ci-info: | enp0s3 |  True | fe80::be:82ff:fe6b:cc1d/64 |       .       |  link  | 02:be:82:6b:cc:1d |
[   16.490153] cloud-init[969]: ci-info: | enp0s8 | False |             .              |       .       |   .    | 08:00:27:53:2b:32 |
[   16.495368] cloud-init[969]: ci-info: |   lo   |  True |         127.0.0.1          |   255.0.0.0   |  host  |         .         |
[   16.500789] cloud-init[969]: ci-info: |   lo   |  True |          ::1/128           |       .       |  host  |         .         |
[   16.505018] cloud-init[969]: ci-info: +--------+-------+----------------------------+---------------+--------+-------------------+
[   16.512733] cloud-init[969]: ci-info: +++++++++++++++++++++++++++Route IPv4 info++++++++++++++++++++++++++++
[   16.514836] cloud-init[969]: ci-info: +-------+-------------+----------+---------------+-----------+-------+
[   16.518227] cloud-init[969]: ci-info: | Route | Destination | Gateway  |    Genmask    | Interface | Flags |
[   16.521367] cloud-init[969]: ci-info: +-------+-------------+----------+---------------+-----------+-------+
[   16.523544] cloud-init[969]: ci-info: |   0   |   0.0.0.0   | 10.0.2.2 |    0.0.0.0    |   enp0s3  |   UG  |
[   16.527166] cloud-init[969]: ci-info: |   1   |   10.0.2.0  | 0.0.0.0  | 255.255.255.0 |   enp0s3  |   U   |
[   16.537139] cloud-init[969]: ci-info: +-------+-------------+----------+---------------+-----------+-------+
[   16.543267] cloud-init[969]: ci-info: +++++++++++++++++++Route IPv6 info+++++++++++++++++++
[   16.545351] cloud-init[969]: ci-info: +-------+-------------+---------+-----------+-------+
[   16.552626] cloud-init[969]: ci-info: | Route | Destination | Gateway | Interface | Flags |
[   16.556289] cloud-init[969]: ci-info: +-------+-------------+---------+-----------+-------+
[   16.559329] cloud-init[969]: ci-info: |   0   |  fe80::/64  |    ::   |   enp0s3  |   U   |
[   16.563264] cloud-init[969]: ci-info: |   3   |   ff00::/8  |    ::   |   enp0s3  |   U   |
[   16.569782] cloud-init[969]: ci-info: +-------+-------------+---------+-----------+-------+
[   16.573465] cloud-init[969]: Generating public/private rsa key pair.
[   16.578099] cloud-init[969]: Your identification has been saved in /etc/ssh/ssh_host_rsa_key.[
[0;32m  OK  [0m] Started Initial cloud-init job (metadata service crawler).
[[0;32m  OK  [0m] Reached target System Initialization.
         Starting LXD - unix socket.
[   16.584387] cloud-init[969]: Your public key has been saved in /etc/ssh/ssh_host_rsa_key.pub.
[[0;32m  OK  [0m] Started ACPI Events Check.
[[   16.596373] cloud-init[969]: The key fingerprint is:
[   16.596491] cloud-init[969]: SHA256:b7auSHHrdP3Rfn8p4uNjg5aewuU1AmrQWdan0xPit7w root@ubuntu-xenial
[   16.596665] cloud-init[969]: The key's randomart image is:
[   16.597185] cloud-init[969]: +---[RSA 2048]----+
[   16.598725] cloud-init[969]: |        .        |
[   16.599591] cloud-init[969]: |       o o o     |
[   16.601759] cloud-init[969]: |    . + . = .    |
[   16.603150] cloud-init[969]: |   . o . + +     |
[   16.604149] cloud-init[969]: |    . o S + o    |
[   16.605011] cloud-init[969]: |     o o = *   . |
[   16.605911] cloud-init[969]: |    . o = X + . o|
[   16.607412] cloud-init[969]: |     . * O.E o +o|
[   16.609343] cloud-init[969]: |      . *=*o= o *|
[   16.610717] cloud-init[969]: +----[SHA256]-----+
[   16.612153] cloud-init[969]: Generating public/private dsa key pair.
[   16.613525] cloud-init[969]: Your identification has been saved in /etc/ssh/ssh_host_dsa_key.
[   16.614925] cloud-init[969]: Your public key has been saved in /etc/ssh/ssh_host_dsa_key.pub.
[   16.616646] cloud-init[969]: The key fingerprint is:
[   16.617976] cloud-init[969]: SHA256:oXQi/Jo5dZAKXAnmm6c4ZrDjaXF3UXJExwrMA0J4xFQ root@ubuntu-xenial
[   16.619391] cloud-init[969]: The key's randomart image is:
[   16.621780] cloud-init[969]: +---[DSA 1024]----+
[   16.623192] cloud-init[969]: |  O*oE+ oo..     |
[   16.625210] cloud-init[969]: | = =o  B o..     |
[   16.626529] cloud-init[969]: |  = o = O .      |
[   16.627327] cloud-init[969]: |   + = * o       |
[0;32m  OK  [0m] Reached target Paths.
[   16.627364] cloud-init[969]: |. o o + S        |
[   16.645797] cloud-init[969]: |.+ + * o         |
[   16.646535] cloud-init[969]: |=o+ * .          |
[   16.647415] cloud-init[969]: |++.  .           |
[   16.650491] cloud-init[969]: |.o               |
[   16.651448] cloud-init[969]: +----[SHA256]-----+
[   16.653572] cloud-init[969]: Generating public/private ecdsa key pair.
[   16.653936] cloud-init[969]: Your identification has been saved in /etc/ssh/ssh_host_ecdsa_key.
[   16.654041] cloud-init[969]: Your public key has been saved in /etc/ssh/ssh_host_ecdsa_key.pub.
[   16.654820] cloud-init[969]: The key fingerprint is:
[[0;32m  OK  [0m] Started Ubuntu Advantage update messaging.
[   16.655231] cloud-init[969]: SHA256:KEsA/WlR5ZUkpFsdqBjlHAN+qDzykoRV6zuUTjxP8es root@ubuntu-xenial
[   16.655804] cloud-init[969]: The key's randomart image is:
[   16.657762] cloud-init[969]: +---[ECDSA 256]---+
[   16.659046] cloud-init[969]: |..  o+=o+o+.     |
[   16.659706] cloud-init[969]: | ..oo= =.+..     |
[   16.661742] cloud-init[969]: |  o.+=*.o .      |
[   16.663256] cloud-init[969]: |.o ==o.*         |
[   16.664260] cloud-init[969]: |o.+.X + S        |
[   16.665310] cloud-init[969]: |.+ * B   .       |
[   16.666642] cloud-init[969]: |o . = . .        |
[   16.667317] cloud-init[969]: | .   . .         |
[   16.669177] cloud-init[969]: |        E        |
[   16.670662] cloud-init[969]: +----[SHA256]-----+
[   16.671424] cloud-init[969]: Generating public/private ed25519 key pair.
[   16.672911] cloud-init[969]: Your identification has been saved in /etc/ssh/ssh_host_ed25519_key.
[   16.673996] cloud-init[969]: Your public key has been saved in /etc/ssh/ssh_host_ed25519_key.pub.
[   16.675773] cloud-init[969]: The key fingerprint is:
[   16.677032] cloud-init[969]: SHA256:If8HhjyctltaL4TkSOS1SyM/ZdmjWcW/mqBw7VlK8WY root@ubuntu-xenial
[   16.677424] cloud-init[969]: The key's randomart image is:
[   16.678481] cloud-init[969]: +--[ED25519 256]--+
[   16.680768] cloud-init[969]: |             .   |
[   16.681620] cloud-init[969]: |      . .     o  |
[   16.683019] cloud-init[969]: |     o.... o . . |
[   16.684741] cloud-init[969]: |      +==++.+   .|
[   16.685014] cloud-init[969]: |     . BS*++o.  .|
[   16.686534] cloud-init[969]: |      .o**+= E . |
[   16.687989] cloud-init[969]: |        +oB O o  |
[   16.688698] cloud-init[969]: |         *.* o   |
[   16.690216] cloud-init[969]: |        o  ..    |
[   16.691646] cloud-init[969]: +----[SHA256]-----+
[[0;32m  OK  [0m] Started Daily Cleanup of Temporary Directories.
[[0;32m  OK  [0m] Listening on UUID daemon activation socket.
[[0;32m  OK  [0m] Listening on ACPID Listen Socket.
         Starting Socket activation for snappy daemon.
[[0;32m  OK  [0m] Listening on D-Bus System Message Bus Socket.
[[0;32m  OK  [0m] Started Daily apt download activities.
[[0;32m  OK  [0m] Started Daily apt upgrade and clean activities.
[[0;32m  OK  [0m] Started Message of the Day.
[[0;32m  OK  [0m] Reached target Timers.
[[0;32m  OK  [0m] Reached target Network is Online.
         Starting iSCSI initiator daemon (iscsid)...
[[0;32m  OK  [0m] Reached target Cloud-config availability.
[[0;32m  OK  [0m] Listening on LXD - unix socket.
[[0;32m  OK  [0m] Listening on Socket activation for snappy daemon.
[[0;32m  OK  [0m] Reached target Sockets.
[[0;32m  OK  [0m] Reached target Basic System.
[[0;32m  OK  [0m] Started FUSE filesystem for LXC.
         Starting /etc/rc.local Compatibility...
[[0;32m  OK  [0m] Started ACPI event daemon.
[[0;32m  OK  [0m] Started D-Bus System Message Bus.
[[0;32m  OK  [0m] Started Regular background program processing daemon.
         Starting LSB: Record successful boot for GRUB...
         Starting LSB: MD monitoring daemon...
[[0;32m  OK  [0m] Started Deferred execution scheduler.
         Starting Login Service...
         Starting Virtualbox guest utils...
         Starting System Logging Service...
         Starting Pollinate to seed the pseudo random number generator...
         Starting Accounts Service...
         Starting Snap Daemon...
         Starting LXD - container startup/shutdown...
[[0;32m  OK  [0m] Started /etc/rc.local Compatibility.
[[0;32m  OK  [0m] Started iSCSI initiator daemon (iscsid).
         Starting Login to default iSCSI targets...
[[0;32m  OK  [0m] Started Login Service.
[[0;32m  OK  [0m] Started Unattended Upgrades Shutdown.
[[0;32m  OK  [0m] Started System Logging Service.
[[0;32m  OK  [0m] Started LSB: MD monitoring daemon.
[[0;32m  OK  [0m] Started LSB: Record successful boot for GRUB.
         Starting Authenticate and Authorize Users to Run Privileged Tasks...
[[0;32m  OK  [0m] Started Login to default iSCSI targets.
[[0;32m  OK  [0m] Reached target Remote File Systems (Pre).
[[0;32m  OK  [0m] Reached target Remote File Systems.
         Starting LSB: Set the CPU Frequency Scaling governor to "ondemand"...
         Starting LSB: automatic crash report generation...
         Starting LSB: daemon to balance interrupts for SMP systems...
         Starting Permit User Sessions...
[[0;32m  OK  [0m] Started Permit User Sessions.
         Starting Terminate Plymouth Boot Screen...
         Starting Hold until boot process finishes up...
[[0;32m  OK  [0m] Started Virtualbox guest utils.
[[0;32m  OK  [0m] Started Hold until boot process finishes up.
[[0;32m  OK  [0m] Started Terminate Plymouth Boot Screen.
[[0;32m  OK  [0m] Started Authenticate and Authorize Users to Run Privileged Tasks.
[[0;32m  OK  [0m] Started Serial Getty on ttyS0.
[[0;32m  OK  [0m] Started Getty on tty1.
[[0;32m  OK  [0m] Reached target Login Prompts.
         Starting Set console scheme...
[[0;32m  OK  [0m] Started LSB: Set the CPU Frequency Scaling governor to "ondemand".
[[0;32m  OK  [0m] Started Set console scheme.
[[0;32m  OK  [0m] Started Accounts Service.
[[0;32m  OK  [0m] Started LXD - container startup/shutdown.
[[0;32m  OK  [0m] Started LSB: daemon to balance interrupts for SMP systems.
[[0;32m  OK  [0m] Started LSB: automatic crash report generation.
[[0;32m  OK  [0m] Started Snap Daemon.
         Starting Wait until snapd is fully seeded...

Ubuntu 16.04.7 LTS ubuntu-xenial ttyS0

ubuntu-xenial login: [   25.364750] cloud-init[1307]: Generating locales (this might take a while)...
[   28.184912] cloud-init[1307]:   en_US.UTF-8... done
[   28.192577] cloud-init[1307]: Generation complete.
[   29.204878] cloud-init[1307]: Cloud-init v. 21.1-19-gbad84ad4-0ubuntu1~16.04.2 running 'modules:config' at Wed, 30 Mar 2022 14:40:25 +0000. Up 25.01 seconds.
ci-info: no authorized SSH keys fingerprints found for user ubuntu.
<14>Mar 30 14:40:30 ec2: 
<14>Mar 30 14:40:30 ec2: #############################################################
<14>Mar 30 14:40:30 ec2: -----BEGIN SSH HOST KEY FINGERPRINTS-----
<14>Mar 30 14:40:30 ec2: 1024 SHA256:oXQi/Jo5dZAKXAnmm6c4ZrDjaXF3UXJExwrMA0J4xFQ root@ubuntu-xenial (DSA)
<14>Mar 30 14:40:30 ec2: 256 SHA256:KEsA/WlR5ZUkpFsdqBjlHAN+qDzykoRV6zuUTjxP8es root@ubuntu-xenial (ECDSA)
<14>Mar 30 14:40:30 ec2: 256 SHA256:If8HhjyctltaL4TkSOS1SyM/ZdmjWcW/mqBw7VlK8WY root@ubuntu-xenial (ED25519)
<14>Mar 30 14:40:30 ec2: 2048 SHA256:b7auSHHrdP3Rfn8p4uNjg5aewuU1AmrQWdan0xPit7w root@ubuntu-xenial (RSA)
<14>Mar 30 14:40:30 ec2: -----END SSH HOST KEY FINGERPRINTS-----
<14>Mar 30 14:40:30 ec2: #############################################################
-----BEGIN SSH HOST KEY KEYS-----
ecdsa-sha2-nistp256 AAAAE2VjZHNhLXNoYTItbmlzdHAyNTYAAAAIbmlzdHAyNTYAAABBBIfZXXu7GVlolIPwuPMu9pKVq9AKrg8YNnXsaXfgeh6+g+hxElIZgtUwatiQFe/wFxYFmSQ8/DFH75einowWvgg= root@ubuntu-xenial
ssh-ed25519 AAAAC3NzaC1lZDI1NTE5AAAAIBmzZdWk0A3UHNnSFD/rAGyW5NpTJJEpZ7vXnoSZY9yi root@ubuntu-xenial
ssh-rsa AAAAB3NzaC1yc2EAAAADAQABAAABAQDFSXnKUOTqGu6KG77RHfgnsBkyqurXw3tICCx2b4oR76rNjMYLHkiQG/ULSiWnpv7ZGxA2mkWdq4eGITDyZtRKL7qclrufFezjOv1X2DCUVffYq2imA0GyoRyF+B6CdiyyV3GpbrAc5shHrcfeCELykD82qfVpZ1tnnBMFMb4ZNptFZRUCPfm4vn8MrCimsxaW4AqbQZawCQmsZXSUDxQeJpqY6eKI0WZ3/HbP9ks+e9jAtjXR5RlMrha6jQVZirWnsgYSvNlzd2Lymf3Jd6zLD9ZkQdQarAW3e9VE8qFokzw0Ll2mb8xeglEv6AJy+au/Ak8sHrJ1C5PKNLsMc8bR root@ubuntu-xenial
-----END SSH HOST KEY KEYS-----
[   30.555662] cloud-init[1559]: Cloud-init v. 21.1-19-gbad84ad4-0ubuntu1~16.04.2 running 'modules:final' at Wed, 30 Mar 2022 14:40:30 +0000. Up 30.18 seconds.
[   30.556437] cloud-init[1559]: ci-info: no authorized SSH keys fingerprints found for user ubuntu.
[   30.557950] cloud-init[1559]: Cloud-init v. 21.1-19-gbad84ad4-0ubuntu1~16.04.2 finished at Wed, 30 Mar 2022 14:40:30 +0000. Datasource DataSourceNoCloud [seed=/dev/sdb][dsmode=net].  Up 30.54 seconds
